#
# A fatal error has been detected by the Java Runtime Environment:
#
#  EXCEPTION_ACCESS_VIOLATION (0xc0000005) at pc=0x6c7a6e8b, pid=8208, tid=0x00003b98
#
# JRE version: Java(TM) SE Runtime Environment (8.0_144-b01) (build 1.8.0_144-b01)
# Java VM: Java HotSpot(TM) Client VM (25.144-b01 mixed mode, sharing windows-x86 )
# Problematic frame:
# V  [jvm.dll+0xd6e8b]
#
# Failed to write core dump. Minidumps are not enabled by default on client versions of Windows
#
# If you would like to submit a bug report, please visit:
#   http://bugreport.java.com/bugreport/crash.jsp
#

---------------  T H R E A D  ---------------

Current thread (0x00ecd400):  JavaThread "main" [_thread_in_vm, id=15256, stack(0x00d90000,0x00de0000)]

siginfo: ExceptionCode=0xc0000005, reading address 0x00000000

Registers:
EAX=0x00000000, EBX=0x00ecd400, ECX=0x00000000, EDX=0x00000001
ESP=0x00ddd92c, EBP=0x00ddd948, ESI=0x00ecd540, EDI=0x00000000
EIP=0x6c7a6e8b, EFLAGS=0x00010246

Top of Stack: (sp=0x00ddd92c)
0x00ddd92c:   00000000 00ecd540 614a9aa4 00ecd400
0x00ddd93c:   00000000 00ecd540 614a9aa4 00ddd998
0x00ddd94c:   612d8f4a 00ecd540 00000000 00ec0079
0x00ddd95c:   614a9aa4 00ddd998 612d8f1c 00000001
0x00ddd96c:   0000000f ffff0049 00ddd998 612d8ef8
0x00ddd97c:   00ecd540 00000001 0000000f 00ecd400
0x00ddd98c:   14ad8870 14ad8870 00ecd540 00ddd9dc
0x00ddd99c:   0278d3d3 00ecd540 00ddd9fc 164a30ac 

Instructions: (pc=0x6c7a6e8b)
0x6c7a6e6b:   f3 ff 83 c4 08 83 7b 04 00 89 5d f0 c7 45 f4 00
0x6c7a6e7b:   00 00 00 74 08 8d 4d f0 e8 88 13 0d 00 8b 45 0c
0x6c7a6e8b:   8b 08 8b 51 04 8b 42 38 50 56 e8 e6 4f 08 00 83
0x6c7a6e9b:   c4 08 83 7d f4 00 89 45 08 74 08 8d 4d f0 e8 a2 


Register to memory mapping:

EAX=0x00000000 is an unknown value
EBX=0x00ecd400 is a thread
ECX=0x00000000 is an unknown value
EDX=0x00000001 is an unknown value
ESP=0x00ddd92c is pointing into the stack for thread: 0x00ecd400
EBP=0x00ddd948 is pointing into the stack for thread: 0x00ecd400
ESI=0x00ecd540 is an unknown value
EDI=0x00000000 is an unknown value


Stack: [0x00d90000,0x00de0000],  sp=0x00ddd92c,  free space=310k
Native frames: (J=compiled Java code, j=interpreted, Vv=VM code, C=native code)
V  [jvm.dll+0xd6e8b]
C  [bwapi_bridge2_5.dll+0x38f4a]
j  bwapi.Unit.build_native(JLbwapi/UnitType;Lbwapi/TilePosition;)Z+0
j  bwapi.Unit.build(Lbwapi/UnitType;Lbwapi/TilePosition;)Z+7
j  ExampleBot.buildClose(Lbwapi/UnitType;)V+57
J 62 C1 ExampleBot.onFrame()V (450 bytes) @ 0x0283c48c [0x0283be50+0x63c]
J 96 C1 bwapi.AIModule.onFrame()V (17 bytes) @ 0x02846744 [0x02846710+0x34]
v  ~StubRoutines::call_stub
V  [jvm.dll+0x15af45]
V  [jvm.dll+0x2213ae]
V  [jvm.dll+0x15afde]
V  [jvm.dll+0xdcdcb]
V  [jvm.dll+0xdfd5c]
C  [bwapi_bridge2_5.dll+0x1b20d]
C  [bwapi_bridge2_5.dll+0x75101]
j  bwapi.Mirror.startGame()V+0
j  ExampleBot.run()V+15
j  ExampleBot.main([Ljava/lang/String;)V+7
v  ~StubRoutines::call_stub
V  [jvm.dll+0x15af45]
V  [jvm.dll+0x2213ae]
V  [jvm.dll+0x15afde]
V  [jvm.dll+0xdcb97]
V  [jvm.dll+0xe512f]
C  [javaw.exe+0x22ab]
C  [javaw.exe+0xaebf]
C  [javaw.exe+0xaf49]
C  [KERNEL32.DLL+0x162c4]
C  [ntdll.dll+0x60f79]
C  [ntdll.dll+0x60f44]
C  0x00000000

Java frames: (J=compiled Java code, j=interpreted, Vv=VM code)
j  bwapi.Unit.build_native(JLbwapi/UnitType;Lbwapi/TilePosition;)Z+0
j  bwapi.Unit.build(Lbwapi/UnitType;Lbwapi/TilePosition;)Z+7
j  ExampleBot.buildClose(Lbwapi/UnitType;)V+57
J 62 C1 ExampleBot.onFrame()V (450 bytes) @ 0x0283c48c [0x0283be50+0x63c]
J 96 C1 bwapi.AIModule.onFrame()V (17 bytes) @ 0x02846744 [0x02846710+0x34]
v  ~StubRoutines::call_stub
j  bwapi.Mirror.startGame()V+0
j  ExampleBot.run()V+15
j  ExampleBot.main([Ljava/lang/String;)V+7
v  ~StubRoutines::call_stub

---------------  P R O C E S S  ---------------

Java Threads: ( => current thread )
  0x026b1400 JavaThread "Service Thread" daemon [_thread_blocked, id=12400, stack(0x156e0000,0x15730000)]
  0x02692c00 JavaThread "C1 CompilerThread0" daemon [_thread_blocked, id=10728, stack(0x15650000,0x156a0000)]
  0x02691800 JavaThread "Attach Listener" daemon [_thread_blocked, id=13188, stack(0x155c0000,0x15610000)]
  0x02687400 JavaThread "Signal Dispatcher" daemon [_thread_blocked, id=15684, stack(0x14f40000,0x14f90000)]
  0x02684c00 JavaThread "Finalizer" daemon [_thread_blocked, id=20068, stack(0x14dc0000,0x14e10000)]
  0x02628000 JavaThread "Reference Handler" daemon [_thread_blocked, id=15508, stack(0x14d30000,0x14d80000)]
=>0x00ecd400 JavaThread "main" [_thread_in_vm, id=15256, stack(0x00d90000,0x00de0000)]

Other Threads:
  0x02623c00 VMThread [stack: 0x04780000,0x047d0000] [id=7216]
  0x026c7800 WatcherThread [stack: 0x15770000,0x157c0000] [id=11992]

VM state:not at safepoint (normal execution)

VM Mutex/Monitor currently owned by a thread: None

Heap:
 def new generation   total 4928K, used 2125K [0x04800000, 0x04d50000, 0x09d50000)
  eden space 4416K,  48% used [0x04800000, 0x04a11ed0, 0x04c50000)
  from space 512K,   1% used [0x04c50000, 0x04c51748, 0x04cd0000)
  to   space 512K,   0% used [0x04cd0000, 0x04cd0000, 0x04d50000)
 tenured generation   total 10944K, used 441K [0x09d50000, 0x0a800000, 0x14800000)
   the space 10944K,   4% used [0x09d50000, 0x09dbe798, 0x09dbe800, 0x0a800000)
 Metaspace       used 399K, capacity 2600K, committed 2624K, reserved 4480K

Card table byte_map: [0x14800000,0x14890000] byte_map_base: 0x147dc000

Polling page: 0x00c70000

CodeCache: size=32768Kb used=815Kb max_used=815Kb free=31952Kb
 bounds [0x02780000, 0x02850000, 0x04780000]
 total_blobs=260 nmethods=115 adapters=76
 compilation: enabled

Compilation events (10 events):
Event: 7.583 Thread 0x02692c00  105             bwapi.Unit::getTilePosition (9 bytes)
Event: 7.583 Thread 0x02692c00 nmethod 105 0x02848a08 code [0x02848b00, 0x02848b9c]
Event: 7.583 Thread 0x02692c00  107             java.lang.Math::abs (11 bytes)
Event: 7.584 Thread 0x02692c00 nmethod 107 0x02848c08 code [0x02848d00, 0x02848d80]
Event: 7.585 Thread 0x02692c00  108             bwapi.TilePosition::getX (5 bytes)
Event: 7.586 Thread 0x02692c00 nmethod 108 0x02848dc8 code [0x02848ec0, 0x02848f40]
Event: 7.594 Thread 0x02692c00  109             ExampleBot::getBuildTile (432 bytes)
Event: 7.596 Thread 0x02692c00 nmethod 109 0x02848f88 code [0x02849240, 0x02849bf0]
Event: 14.239 Thread 0x02692c00  114             ExampleBot::trainMarines (54 bytes)
Event: 14.239 Thread 0x02692c00 nmethod 114 0x0284b688 code [0x0284b7e0, 0x0284b988]

GC Heap History (10 events):
Event: 21.277 GC heap before
{Heap before GC invocations=15 (full 0):
 def new generation   total 4928K, used 4423K [0x04800000, 0x04d50000, 0x09d50000)
  eden space 4416K, 100% used [0x04800000, 0x04c50000, 0x04c50000)
  from space 512K,   1% used [0x04cd0000, 0x04cd1d38, 0x04d50000)
  to   space 512K,   0% used [0x04c50000, 0x04c50000, 0x04cd0000)
 tenured generation   total 10944K, used 439K [0x09d50000, 0x0a800000, 0x14800000)
   the space 10944K,   4% used [0x09d50000, 0x09dbdca8, 0x09dbde00, 0x0a800000)
 Metaspace       used 399K, capacity 2600K, committed 2624K, reserved 4480K
Event: 21.277 GC heap after
Heap after GC invocations=16 (full 0):
 def new generation   total 4928K, used 7K [0x04800000, 0x04d50000, 0x09d50000)
  eden space 4416K,   0% used [0x04800000, 0x04800000, 0x04c50000)
  from space 512K,   1% used [0x04c50000, 0x04c51e08, 0x04cd0000)
  to   space 512K,   0% used [0x04cd0000, 0x04cd0000, 0x04d50000)
 tenured generation   total 10944K, used 439K [0x09d50000, 0x0a800000, 0x14800000)
   the space 10944K,   4% used [0x09d50000, 0x09dbdca8, 0x09dbde00, 0x0a800000)
 Metaspace       used 399K, capacity 2600K, committed 2624K, reserved 4480K
}
Event: 22.075 GC heap before
{Heap before GC invocations=16 (full 0):
 def new generation   total 4928K, used 4423K [0x04800000, 0x04d50000, 0x09d50000)
  eden space 4416K, 100% used [0x04800000, 0x04c50000, 0x04c50000)
  from space 512K,   1% used [0x04c50000, 0x04c51e08, 0x04cd0000)
  to   space 512K,   0% used [0x04cd0000, 0x04cd0000, 0x04d50000)
 tenured generation   total 10944K, used 439K [0x09d50000, 0x0a800000, 0x14800000)
   the space 10944K,   4% used [0x09d50000, 0x09dbdca8, 0x09dbde00, 0x0a800000)
 Metaspace       used 399K, capacity 2600K, committed 2624K, reserved 4480K
Event: 22.075 GC heap after
Heap after GC invocations=17 (full 0):
 def new generation   total 4928K, used 6K [0x04800000, 0x04d50000, 0x09d50000)
  eden space 4416K,   0% used [0x04800000, 0x04800000, 0x04c50000)
  from space 512K,   1% used [0x04cd0000, 0x04cd1a60, 0x04d50000)
  to   space 512K,   0% used [0x04c50000, 0x04c50000, 0x04cd0000)
 tenured generation   total 10944K, used 440K [0x09d50000, 0x0a800000, 0x14800000)
   the space 10944K,   4% used [0x09d50000, 0x09dbe1c8, 0x09dbe200, 0x0a800000)
 Metaspace       used 399K, capacity 2600K, committed 2624K, reserved 4480K
}
Event: 22.905 GC heap before
{Heap before GC invocations=17 (full 0):
 def new generation   total 4928K, used 4422K [0x04800000, 0x04d50000, 0x09d50000)
  eden space 4416K, 100% used [0x04800000, 0x04c50000, 0x04c50000)
  from space 512K,   1% used [0x04cd0000, 0x04cd1a60, 0x04d50000)
  to   space 512K,   0% used [0x04c50000, 0x04c50000, 0x04cd0000)
 tenured generation   total 10944K, used 440K [0x09d50000, 0x0a800000, 0x14800000)
   the space 10944K,   4% used [0x09d50000, 0x09dbe1c8, 0x09dbe200, 0x0a800000)
 Metaspace       used 399K, capacity 2600K, committed 2624K, reserved 4480K
Event: 22.905 GC heap after
Heap after GC invocations=18 (full 0):
 def new generation   total 4928K, used 6K [0x04800000, 0x04d50000, 0x09d50000)
  eden space 4416K,   0% used [0x04800000, 0x04800000, 0x04c50000)
  from space 512K,   1% used [0x04c50000, 0x04c518a8, 0x04cd0000)
  to   space 512K,   0% used [0x04cd0000, 0x04cd0000, 0x04d50000)
 tenured generation   total 10944K, used 441K [0x09d50000, 0x0a800000, 0x14800000)
   the space 10944K,   4% used [0x09d50000, 0x09dbe408, 0x09dbe600, 0x0a800000)
 Metaspace       used 399K, capacity 2600K, committed 2624K, reserved 4480K
}
Event: 23.632 GC heap before
{Heap before GC invocations=18 (full 0):
 def new generation   total 4928K, used 4422K [0x04800000, 0x04d50000, 0x09d50000)
  eden space 4416K, 100% used [0x04800000, 0x04c50000, 0x04c50000)
  from space 512K,   1% used [0x04c50000, 0x04c518a8, 0x04cd0000)
  to   space 512K,   0% used [0x04cd0000, 0x04cd0000, 0x04d50000)
 tenured generation   total 10944K, used 441K [0x09d50000, 0x0a800000, 0x14800000)
   the space 10944K,   4% used [0x09d50000, 0x09dbe408, 0x09dbe600, 0x0a800000)
 Metaspace       used 399K, capacity 2600K, committed 2624K, reserved 4480K
Event: 23.632 GC heap after
Heap after GC invocations=19 (full 0):
 def new generation   total 4928K, used 5K [0x04800000, 0x04d50000, 0x09d50000)
  eden space 4416K,   0% used [0x04800000, 0x04800000, 0x04c50000)
  from space 512K,   1% used [0x04cd0000, 0x04cd1690, 0x04d50000)
  to   space 512K,   0% used [0x04c50000, 0x04c50000, 0x04cd0000)
 tenured generation   total 10944K, used 441K [0x09d50000, 0x0a800000, 0x14800000)
   the space 10944K,   4% used [0x09d50000, 0x09dbe688, 0x09dbe800, 0x0a800000)
 Metaspace       used 399K, capacity 2600K, committed 2624K, reserved 4480K
}
Event: 24.501 GC heap before
{Heap before GC invocations=19 (full 0):
 def new generation   total 4928K, used 4421K [0x04800000, 0x04d50000, 0x09d50000)
  eden space 4416K, 100% used [0x04800000, 0x04c50000, 0x04c50000)
  from space 512K,   1% used [0x04cd0000, 0x04cd1690, 0x04d50000)
  to   space 512K,   0% used [0x04c50000, 0x04c50000, 0x04cd0000)
 tenured generation   total 10944K, used 441K [0x09d50000, 0x0a800000, 0x14800000)
   the space 10944K,   4% used [0x09d50000, 0x09dbe688, 0x09dbe800, 0x0a800000)
 Metaspace       used 399K, capacity 2600K, committed 2624K, reserved 4480K
Event: 24.501 GC heap after
Heap after GC invocations=20 (full 0):
 def new generation   total 4928K, used 5K [0x04800000, 0x04d50000, 0x09d50000)
  eden space 4416K,   0% used [0x04800000, 0x04800000, 0x04c50000)
  from space 512K,   1% used [0x04c50000, 0x04c51748, 0x04cd0000)
  to   space 512K,   0% used [0x04cd0000, 0x04cd0000, 0x04d50000)
 tenured generation   total 10944K, used 441K [0x09d50000, 0x0a800000, 0x14800000)
   the space 10944K,   4% used [0x09d50000, 0x09dbe798, 0x09dbe800, 0x0a800000)
 Metaspace       used 399K, capacity 2600K, committed 2624K, reserved 4480K
}

Deoptimization events (0 events):
No events

Internal exceptions (4 events):
Event: 0.021 Thread 0x00ecd400 Exception <a 'java/lang/NoSuchMethodError': Method sun.misc.Unsafe.defineClass(Ljava/lang/String;[BII)Ljava/lang/Class; name or signature does not match> (0x048079c0) thrown at [C:\workspace\8-2-build-windows-i586-cygwin\jdk8u144\9417\hotspot\src\share\vm
Event: 0.021 Thread 0x00ecd400 Exception <a 'java/lang/NoSuchMethodError': Method sun.misc.Unsafe.prefetchRead(Ljava/lang/Object;J)V name or signature does not match> (0x04807c90) thrown at [C:\workspace\8-2-build-windows-i586-cygwin\jdk8u144\9417\hotspot\src\share\vm\prims\jni.cpp, li
Event: 6.475 Thread 0x00ecd400 Implicit null exception at 0x0283eb52 to 0x0283f1cb
Event: 6.475 Thread 0x00ecd400 Exception <a 'java/lang/NullPointerException'> (0x04801d70) thrown at [C:\workspace\8-2-build-windows-i586-cygwin\jdk8u144\9417\hotspot\src\share\vm\runtime\sharedRuntime.cpp, line 605]

Events (10 events):
Event: 21.277 Executing VM operation: GenCollectForAllocation
Event: 21.277 Executing VM operation: GenCollectForAllocation done
Event: 22.075 Executing VM operation: GenCollectForAllocation
Event: 22.075 Executing VM operation: GenCollectForAllocation done
Event: 22.905 Executing VM operation: GenCollectForAllocation
Event: 22.905 Executing VM operation: GenCollectForAllocation done
Event: 23.632 Executing VM operation: GenCollectForAllocation
Event: 23.632 Executing VM operation: GenCollectForAllocation done
Event: 24.501 Executing VM operation: GenCollectForAllocation
Event: 24.501 Executing VM operation: GenCollectForAllocation done


Dynamic libraries:
0x00280000 - 0x002b3000 	C:\Program Files (x86)\Java\jre1.8.0_144\bin\javaw.exe
0x77010000 - 0x77193000 	C:\WINDOWS\SYSTEM32\ntdll.dll
0x76300000 - 0x763e0000 	C:\WINDOWS\System32\KERNEL32.DLL
0x73c90000 - 0x73e31000 	C:\WINDOWS\System32\KERNELBASE.dll
0x76280000 - 0x762f7000 	C:\WINDOWS\System32\ADVAPI32.dll
0x76b70000 - 0x76c2e000 	C:\WINDOWS\System32\msvcrt.dll
0x76710000 - 0x76751000 	C:\WINDOWS\System32\sechost.dll
0x73b70000 - 0x73c31000 	C:\WINDOWS\System32\RPCRT4.dll
0x73ad0000 - 0x73aef000 	C:\WINDOWS\System32\SspiCli.dll
0x73ac0000 - 0x73aca000 	C:\WINDOWS\System32\CRYPTBASE.dll
0x76f60000 - 0x76fba000 	C:\WINDOWS\System32\bcryptPrimitives.dll
0x73fe0000 - 0x7413f000 	C:\WINDOWS\System32\USER32.dll
0x74820000 - 0x74835000 	C:\WINDOWS\System32\win32u.dll
0x747f0000 - 0x7481b000 	C:\WINDOWS\System32\GDI32.dll
0x74140000 - 0x7429a000 	C:\WINDOWS\System32\gdi32full.dll
0x6b730000 - 0x6b93a000 	C:\WINDOWS\WinSxS\x86_microsoft.windows.common-controls_6595b64144ccf1df_6.0.14393.953_none_89c2555adb023171\COMCTL32.dll
0x742f0000 - 0x74501000 	C:\WINDOWS\System32\combase.dll
0x76560000 - 0x76640000 	C:\WINDOWS\System32\ucrtbase.dll
0x76c40000 - 0x76c65000 	C:\WINDOWS\System32\IMM32.DLL
0x63fb0000 - 0x6406f000 	C:\Program Files (x86)\Java\jre1.8.0_144\bin\msvcr100.dll
0x6c6d0000 - 0x6ca9e000 	C:\Program Files (x86)\Java\jre1.8.0_144\bin\client\jvm.dll
0x742a0000 - 0x742a6000 	C:\WINDOWS\System32\PSAPI.DLL
0x71630000 - 0x71654000 	C:\WINDOWS\SYSTEM32\WINMM.dll
0x6ae30000 - 0x6ae38000 	C:\WINDOWS\SYSTEM32\WSOCK32.dll
0x737f0000 - 0x737f8000 	C:\WINDOWS\SYSTEM32\VERSION.dll
0x766a0000 - 0x76703000 	C:\WINDOWS\System32\WS2_32.dll
0x00be0000 - 0x00c03000 	C:\WINDOWS\SYSTEM32\WINMMBASE.dll
0x742b0000 - 0x742e6000 	C:\WINDOWS\System32\cfgmgr32.dll
0x5db30000 - 0x5db3c000 	C:\Program Files (x86)\Java\jre1.8.0_144\bin\verify.dll
0x55320000 - 0x55341000 	C:\Program Files (x86)\Java\jre1.8.0_144\bin\java.dll
0x551b0000 - 0x551c3000 	C:\Program Files (x86)\Java\jre1.8.0_144\bin\zip.dll
0x74ea0000 - 0x76278000 	C:\WINDOWS\System32\SHELL32.dll
0x74840000 - 0x74dae000 	C:\WINDOWS\System32\windows.storage.dll
0x73c40000 - 0x73c85000 	C:\WINDOWS\System32\powrprof.dll
0x76dd0000 - 0x76e16000 	C:\WINDOWS\System32\shlwapi.dll
0x76550000 - 0x7655d000 	C:\WINDOWS\System32\kernel.appcore.dll
0x74510000 - 0x74598000 	C:\WINDOWS\System32\shcore.dll
0x76e20000 - 0x76e2f000 	C:\WINDOWS\System32\profapi.dll
0x612a0000 - 0x61526000 	E:\Program Files (x86)\GitHub\EclipseWorkspace\ExampleBot\bwapi_bridge2_5.dll
0x61b20000 - 0x61c0e000 	C:\Program Files (x86)\Java\jre1.8.0_144\bin\MSVCR120.dll
0x63f30000 - 0x63fa1000 	C:\Program Files (x86)\Java\jre1.8.0_144\bin\MSVCP120.dll
0x6f540000 - 0x6f59e000 	E:\Program Files (x86)\GitHub\EclipseWorkspace\ExampleBot\libmpfr-4.dll
0x6acc0000 - 0x6ad27000 	E:\Program Files (x86)\GitHub\EclipseWorkspace\ExampleBot\libgmp-10.dll
0x735b0000 - 0x736f5000 	C:\WINDOWS\SYSTEM32\dbghelp.dll

VM Arguments:
jvm_args: -Dfile.encoding=Cp1252 
java_command: ExampleBot
java_class_path (initial): C:\Program Files (x86)\Java\jre1.8.0_144\lib\resources.jar;C:\Program Files (x86)\Java\jre1.8.0_144\lib\rt.jar;C:\Program Files (x86)\Java\jre1.8.0_144\lib\jsse.jar;C:\Program Files (x86)\Java\jre1.8.0_144\lib\jce.jar;C:\Program Files (x86)\Java\jre1.8.0_144\lib\charsets.jar;C:\Program Files (x86)\Java\jre1.8.0_144\lib\jfr.jar;C:\Program Files (x86)\Java\jre1.8.0_144\lib\ext\access-bridge-32.jar;C:\Program Files (x86)\Java\jre1.8.0_144\lib\ext\cldrdata.jar;C:\Program Files (x86)\Java\jre1.8.0_144\lib\ext\dnsns.jar;C:\Program Files (x86)\Java\jre1.8.0_144\lib\ext\jaccess.jar;C:\Program Files (x86)\Java\jre1.8.0_144\lib\ext\jfxrt.jar;C:\Program Files (x86)\Java\jre1.8.0_144\lib\ext\localedata.jar;C:\Program Files (x86)\Java\jre1.8.0_144\lib\ext\nashorn.jar;C:\Program Files (x86)\Java\jre1.8.0_144\lib\ext\sunec.jar;C:\Program Files (x86)\Java\jre1.8.0_144\lib\ext\sunjce_provider.jar;C:\Program Files (x86)\Java\jre1.8.0_144\lib\ext\sunmscapi.jar;C:\Program Files (x86)\Java\jre1.8.0_144\lib\ext\sunpkcs11.jar;C:\Program Files (x86)\Java\jre1.8.0_144\lib\ext\zipfs.jar;E:\Program Files (x86)\GitHub\EclipseWorkspace\ExampleBot\bin;E:\Program Files (x86)\GitHub\EclipseWorkspace\ExampleBot\lib\bwmirror_v2_5.jar
Launcher Type: SUN_STANDARD

Environment Variables:
USERNAME=Petean Mihai
OS=Windows_NT
PROCESSOR_IDENTIFIER=Intel64 Family 6 Model 94 Stepping 3, GenuineIntel



---------------  S Y S T E M  ---------------

OS: Windows 10.0 , 64 bit Build 14393 (10.0.14393.1198)

CPU:total 8 (initial active 8) (4 cores per cpu, 2 threads per core) family 6 model 94 stepping 3, cmov, cx8, fxsr, mmx, sse, sse2, sse3, ssse3, sse4.1, sse4.2, popcnt, avx, avx2, aes, clmul, erms, rtm, 3dnowpref, lzcnt, ht, tsc, tscinvbit, bmi1, bmi2, adx

Memory: 4k page, physical 8278804k(2630888k free), swap 15094948k(5369912k free)

vm_info: Java HotSpot(TM) Client VM (25.144-b01) for windows-x86 JRE (1.8.0_144-b01), built on Jul 21 2017 21:58:05 by "java_re" with MS VC++ 10.0 (VS2010)

time: Thu Oct 19 22:21:02 2017
elapsed time: 24 seconds (0d 0h 0m 24s)

