#
# A fatal error has been detected by the Java Runtime Environment:
#
#  EXCEPTION_ACCESS_VIOLATION (0xc0000005) at pc=0x696b82b6, pid=11108, tid=0x000046cc
#
# JRE version: Java(TM) SE Runtime Environment (8.0_131-b11) (build 1.8.0_131-b11)
# Java VM: Java HotSpot(TM) Client VM (25.131-b11 mixed mode, sharing windows-x86 )
# Problematic frame:
# C  [bwapi_bridge2_5.dll+0x382b6]
#
# Failed to write core dump. Minidumps are not enabled by default on client versions of Windows
#
# If you would like to submit a bug report, please visit:
#   http://bugreport.java.com/bugreport/crash.jsp
# The crash happened outside the Java Virtual Machine in native code.
# See problematic frame for where to report the bug.
#

---------------  T H R E A D  ---------------

Current thread (0x0283cc00):  JavaThread "main" [_thread_in_native, id=18124, stack(0x00300000,0x00350000)]

siginfo: ExceptionCode=0xc0000005, reading address 0x18889920

Registers:
EAX=0x18889920, EBX=0x00000000, ECX=0x18889920, EDX=0x0283cd40
ESP=0x0034d978, EBP=0x0034d978, ESI=0x18889920, EDI=0x0283cc00
EIP=0x696b82b6, EFLAGS=0x00010246

Top of Stack: (sp=0x0034d978)
0x0034d978:   0034d9a8 028fd661 0283cd40 0034d990
0x0034d988:   18889920 00000000 09fb9440 00000000
0x0034d998:   00746500 69889b88 04a32018 696b51ef
0x0034d9a8:   0034db24 028fb95c 18889920 00000000
0x0034d9b8:   79547469 00006570 00000013 0000001f
0x0034d9c8:   0283cc00 04a31f78 0283cc00 09f71490
0x0034d9d8:   09f6e4c0 04a32018 09fbb868 696b1b6b
0x0034d9e8:   0034da18 028ff661 0283cd40 0034da00 

Instructions: (pc=0x696b82b6)
0x696b8296:   3b 0d 24 a0 88 69 0f 94 c0 5d c2 10 00 cc cc cc
0x696b82a6:   cc cc cc cc cc cc cc cc cc cc 55 8b ec 8b 4d 10
0x696b82b6:   8b 01 8b 80 58 01 00 00 ff d0 5d c2 10 00 cc cc
0x696b82c6:   cc cc cc cc cc cc cc cc cc cc 55 8b ec 8b 4d 10 


Register to memory mapping:

EAX=0x18889920 is an unknown value
EBX=0x00000000 is an unknown value
ECX=0x18889920 is an unknown value
EDX=0x0283cd40 is an unknown value
ESP=0x0034d978 is pointing into the stack for thread: 0x0283cc00
EBP=0x0034d978 is pointing into the stack for thread: 0x0283cc00
ESI=0x18889920 is an unknown value
EDI=0x0283cc00 is a thread


Stack: [0x00300000,0x00350000],  sp=0x0034d978,  free space=310k
Native frames: (J=compiled Java code, j=interpreted, Vv=VM code, C=native code)
C  [bwapi_bridge2_5.dll+0x382b6]
J 78  bwapi.Unit.isIdle_native(J)Z (0 bytes) @ 0x028fd661 [0x028fd5d0+0x91]
J 70 C1 ExampleBot.sendIdleMine()V (233 bytes) @ 0x028fb95c [0x028fb890+0xcc]
J 68 C1 ExampleBot.onFrame()V (531 bytes) @ 0x028f867c [0x028f7a90+0xbec]
J 102 C1 bwapi.AIModule.onFrame()V (17 bytes) @ 0x029021c4 [0x02902190+0x34]
v  ~StubRoutines::call_stub
V  [jvm.dll+0x15af45]
V  [jvm.dll+0x2213ae]
V  [jvm.dll+0x15afde]
V  [jvm.dll+0xdcdcb]
V  [jvm.dll+0xdfd5c]
C  [bwapi_bridge2_5.dll+0x1b20d]
C  [bwapi_bridge2_5.dll+0x75101]
j  bwapi.Mirror.startGame()V+0
j  ExampleBot.run()V+15
j  ExampleBot.main([Ljava/lang/String;)V+7
v  ~StubRoutines::call_stub
V  [jvm.dll+0x15af45]
V  [jvm.dll+0x2213ae]
V  [jvm.dll+0x15afde]
V  [jvm.dll+0xdcb97]
V  [jvm.dll+0xe512f]
C  [javaw.exe+0x22ab]
C  [javaw.exe+0xaebf]
C  [javaw.exe+0xaf49]
C  [KERNEL32.DLL+0x162c4]
C  [ntdll.dll+0x60fd9]
C  [ntdll.dll+0x60fa4]
C  0x00000000

Java frames: (J=compiled Java code, j=interpreted, Vv=VM code)
J 78  bwapi.Unit.isIdle_native(J)Z (0 bytes) @ 0x028fd61d [0x028fd5d0+0x4d]
J 70 C1 ExampleBot.sendIdleMine()V (233 bytes) @ 0x028fb95c [0x028fb890+0xcc]
J 68 C1 ExampleBot.onFrame()V (531 bytes) @ 0x028f867c [0x028f7a90+0xbec]
J 102 C1 bwapi.AIModule.onFrame()V (17 bytes) @ 0x029021c4 [0x02902190+0x34]
v  ~StubRoutines::call_stub
j  bwapi.Mirror.startGame()V+0
j  ExampleBot.run()V+15
j  ExampleBot.main([Ljava/lang/String;)V+7
v  ~StubRoutines::call_stub

---------------  P R O C E S S  ---------------

Java Threads: ( => current thread )
  0x0275d000 JavaThread "Service Thread" daemon [_thread_blocked, id=2180, stack(0x15700000,0x15750000)]
  0x02744000 JavaThread "C1 CompilerThread0" daemon [_thread_blocked, id=940, stack(0x15670000,0x156c0000)]
  0x02743400 JavaThread "Attach Listener" daemon [_thread_blocked, id=17060, stack(0x155e0000,0x15630000)]
  0x0273f400 JavaThread "Signal Dispatcher" daemon [_thread_blocked, id=12584, stack(0x14ea0000,0x14ef0000)]
  0x02734400 JavaThread "Finalizer" daemon [_thread_blocked, id=18012, stack(0x049a0000,0x049f0000)]
  0x026d7800 JavaThread "Reference Handler" daemon [_thread_blocked, id=15860, stack(0x04910000,0x04960000)]
=>0x0283cc00 JavaThread "main" [_thread_in_native, id=18124, stack(0x00300000,0x00350000)]

Other Threads:
  0x026d3000 VMThread [stack: 0x027b0000,0x02800000] [id=12868]
  0x0277bc00 WatcherThread [stack: 0x15790000,0x157e0000] [id=13216]

VM state:not at safepoint (normal execution)

VM Mutex/Monitor currently owned by a thread: None

Heap:
 def new generation   total 4928K, used 224K [0x04a00000, 0x04f50000, 0x09f50000)
  eden space 4416K,   4% used [0x04a00000, 0x04a33588, 0x04e50000)
  from space 512K,   3% used [0x04e50000, 0x04e54ca0, 0x04ed0000)
  to   space 512K,   0% used [0x04ed0000, 0x04ed0000, 0x04f50000)
 tenured generation   total 10944K, used 430K [0x09f50000, 0x0aa00000, 0x14a00000)
   the space 10944K,   3% used [0x09f50000, 0x09fbbbd8, 0x09fbbc00, 0x0aa00000)
 Metaspace       used 408K, capacity 2600K, committed 2624K, reserved 4480K

Card table byte_map: [0x04840000,0x048d0000] byte_map_base: 0x0481b000

Polling page: 0x00380000

CodeCache: size=32768Kb used=806Kb max_used=806Kb free=31961Kb
 bounds [0x02840000, 0x02910000, 0x04840000]
 total_blobs=283 nmethods=136 adapters=78
 compilation: enabled

Compilation events (10 events):
Event: 169.149 Thread 0x02744000  132             java.lang.StringBuilder::<init> (7 bytes)
Event: 169.150 Thread 0x02744000 nmethod 132 0x02908d48 code [0x02908e40, 0x02908f50]
Event: 169.150 Thread 0x02744000  133             java.nio.Buffer::limit (5 bytes)
Event: 169.150 Thread 0x02744000 nmethod 133 0x02908fc8 code [0x029090c0, 0x02909140]
Event: 169.150 Thread 0x02744000  134             java.nio.CharBuffer::arrayOffset (35 bytes)
Event: 169.150 Thread 0x02744000 nmethod 134 0x02909188 code [0x029092a0, 0x02909408]
Event: 169.150 Thread 0x02744000  135             java.nio.charset.CoderResult::isUnderflow (13 bytes)
Event: 169.150 Thread 0x02744000 nmethod 135 0x02909508 code [0x02909600, 0x02909690]
Event: 169.151 Thread 0x02744000  136             java.io.PrintStream::ensureOpen (18 bytes)
Event: 169.151 Thread 0x02744000 nmethod 136 0x029096c8 code [0x029097d0, 0x029098ac]

GC Heap History (10 events):
Event: 31.381 GC heap before
{Heap before GC invocations=23 (full 0):
 def new generation   total 4928K, used 4434K [0x04a00000, 0x04f50000, 0x09f50000)
  eden space 4416K, 100% used [0x04a00000, 0x04e50000, 0x04e50000)
  from space 512K,   3% used [0x04ed0000, 0x04ed49b8, 0x04f50000)
  to   space 512K,   0% used [0x04e50000, 0x04e50000, 0x04ed0000)
 tenured generation   total 10944K, used 424K [0x09f50000, 0x0aa00000, 0x14a00000)
   the space 10944K,   3% used [0x09f50000, 0x09fba198, 0x09fba200, 0x0aa00000)
 Metaspace       used 408K, capacity 2600K, committed 2624K, reserved 4480K
Event: 31.381 GC heap after
Heap after GC invocations=24 (full 0):
 def new generation   total 4928K, used 19K [0x04a00000, 0x04f50000, 0x09f50000)
  eden space 4416K,   0% used [0x04a00000, 0x04a00000, 0x04e50000)
  from space 512K,   3% used [0x04e50000, 0x04e54c08, 0x04ed0000)
  to   space 512K,   0% used [0x04ed0000, 0x04ed0000, 0x04f50000)
 tenured generation   total 10944K, used 425K [0x09f50000, 0x0aa00000, 0x14a00000)
   the space 10944K,   3% used [0x09f50000, 0x09fba480, 0x09fba600, 0x0aa00000)
 Metaspace       used 408K, capacity 2600K, committed 2624K, reserved 4480K
}
Event: 32.340 GC heap before
{Heap before GC invocations=24 (full 0):
 def new generation   total 4928K, used 4435K [0x04a00000, 0x04f50000, 0x09f50000)
  eden space 4416K, 100% used [0x04a00000, 0x04e50000, 0x04e50000)
  from space 512K,   3% used [0x04e50000, 0x04e54c08, 0x04ed0000)
  to   space 512K,   0% used [0x04ed0000, 0x04ed0000, 0x04f50000)
 tenured generation   total 10944K, used 425K [0x09f50000, 0x0aa00000, 0x14a00000)
   the space 10944K,   3% used [0x09f50000, 0x09fba480, 0x09fba600, 0x0aa00000)
 Metaspace       used 408K, capacity 2600K, committed 2624K, reserved 4480K
Event: 32.340 GC heap after
Heap after GC invocations=25 (full 0):
 def new generation   total 4928K, used 18K [0x04a00000, 0x04f50000, 0x09f50000)
  eden space 4416K,   0% used [0x04a00000, 0x04a00000, 0x04e50000)
  from space 512K,   3% used [0x04ed0000, 0x04ed4bd8, 0x04f50000)
  to   space 512K,   0% used [0x04e50000, 0x04e50000, 0x04ed0000)
 tenured generation   total 10944K, used 425K [0x09f50000, 0x0aa00000, 0x14a00000)
   the space 10944K,   3% used [0x09f50000, 0x09fba4f0, 0x09fba600, 0x0aa00000)
 Metaspace       used 408K, capacity 2600K, committed 2624K, reserved 4480K
}
Event: 33.322 GC heap before
{Heap before GC invocations=25 (full 0):
 def new generation   total 4928K, used 4434K [0x04a00000, 0x04f50000, 0x09f50000)
  eden space 4416K, 100% used [0x04a00000, 0x04e50000, 0x04e50000)
  from space 512K,   3% used [0x04ed0000, 0x04ed4bd8, 0x04f50000)
  to   space 512K,   0% used [0x04e50000, 0x04e50000, 0x04ed0000)
 tenured generation   total 10944K, used 425K [0x09f50000, 0x0aa00000, 0x14a00000)
   the space 10944K,   3% used [0x09f50000, 0x09fba4f0, 0x09fba600, 0x0aa00000)
 Metaspace       used 408K, capacity 2600K, committed 2624K, reserved 4480K
Event: 33.322 GC heap after
Heap after GC invocations=26 (full 0):
 def new generation   total 4928K, used 20K [0x04a00000, 0x04f50000, 0x09f50000)
  eden space 4416K,   0% used [0x04a00000, 0x04a00000, 0x04e50000)
  from space 512K,   3% used [0x04e50000, 0x04e55168, 0x04ed0000)
  to   space 512K,   0% used [0x04ed0000, 0x04ed0000, 0x04f50000)
 tenured generation   total 10944K, used 425K [0x09f50000, 0x0aa00000, 0x14a00000)
   the space 10944K,   3% used [0x09f50000, 0x09fba4f0, 0x09fba600, 0x0aa00000)
 Metaspace       used 408K, capacity 2600K, committed 2624K, reserved 4480K
}
Event: 40.571 GC heap before
{Heap before GC invocations=26 (full 0):
 def new generation   total 4928K, used 4436K [0x04a00000, 0x04f50000, 0x09f50000)
  eden space 4416K, 100% used [0x04a00000, 0x04e50000, 0x04e50000)
  from space 512K,   3% used [0x04e50000, 0x04e55168, 0x04ed0000)
  to   space 512K,   0% used [0x04ed0000, 0x04ed0000, 0x04f50000)
 tenured generation   total 10944K, used 425K [0x09f50000, 0x0aa00000, 0x14a00000)
   the space 10944K,   3% used [0x09f50000, 0x09fba4f0, 0x09fba600, 0x0aa00000)
 Metaspace       used 408K, capacity 2600K, committed 2624K, reserved 4480K
Event: 40.571 GC heap after
Heap after GC invocations=27 (full 0):
 def new generation   total 4928K, used 20K [0x04a00000, 0x04f50000, 0x09f50000)
  eden space 4416K,   0% used [0x04a00000, 0x04a00000, 0x04e50000)
  from space 512K,   3% used [0x04ed0000, 0x04ed50e8, 0x04f50000)
  to   space 512K,   0% used [0x04e50000, 0x04e50000, 0x04ed0000)
 tenured generation   total 10944K, used 425K [0x09f50000, 0x0aa00000, 0x14a00000)
   the space 10944K,   3% used [0x09f50000, 0x09fba6f0, 0x09fba800, 0x0aa00000)
 Metaspace       used 408K, capacity 2600K, committed 2624K, reserved 4480K
}
Event: 169.147 GC heap before
{Heap before GC invocations=27 (full 0):
 def new generation   total 4928K, used 4436K [0x04a00000, 0x04f50000, 0x09f50000)
  eden space 4416K, 100% used [0x04a00000, 0x04e50000, 0x04e50000)
  from space 512K,   3% used [0x04ed0000, 0x04ed50e8, 0x04f50000)
  to   space 512K,   0% used [0x04e50000, 0x04e50000, 0x04ed0000)
 tenured generation   total 10944K, used 425K [0x09f50000, 0x0aa00000, 0x14a00000)
   the space 10944K,   3% used [0x09f50000, 0x09fba6f0, 0x09fba800, 0x0aa00000)
 Metaspace       used 408K, capacity 2600K, committed 2624K, reserved 4480K
Event: 169.147 GC heap after
Heap after GC invocations=28 (full 0):
 def new generation   total 4928K, used 19K [0x04a00000, 0x04f50000, 0x09f50000)
  eden space 4416K,   0% used [0x04a00000, 0x04a00000, 0x04e50000)
  from space 512K,   3% used [0x04e50000, 0x04e54ca0, 0x04ed0000)
  to   space 512K,   0% used [0x04ed0000, 0x04ed0000, 0x04f50000)
 tenured generation   total 10944K, used 430K [0x09f50000, 0x0aa00000, 0x14a00000)
   the space 10944K,   3% used [0x09f50000, 0x09fbbbd8, 0x09fbbc00, 0x0aa00000)
 Metaspace       used 408K, capacity 2600K, committed 2624K, reserved 4480K
}

Deoptimization events (0 events):
No events

Internal exceptions (4 events):
Event: 0.022 Thread 0x0283cc00 Exception <a 'java/lang/NoSuchMethodError': Method sun.misc.Unsafe.defineClass(Ljava/lang/String;[BII)Ljava/lang/Class; name or signature does not match> (0x04a079c0) thrown at [C:\re\workspace\8-2-build-windows-i586-cygwin\jdk8u131\8869\hotspot\src\share
Event: 0.022 Thread 0x0283cc00 Exception <a 'java/lang/NoSuchMethodError': Method sun.misc.Unsafe.prefetchRead(Ljava/lang/Object;J)V name or signature does not match> (0x04a07c90) thrown at [C:\re\workspace\8-2-build-windows-i586-cygwin\jdk8u131\8869\hotspot\src\share\vm\prims\jni.cpp,
Event: 5.412 Thread 0x0283cc00 Implicit null exception at 0x028fa8ac to 0x028faa2b
Event: 5.412 Thread 0x0283cc00 Exception <a 'java/lang/NullPointerException'> (0x04d99150) thrown at [C:\re\workspace\8-2-build-windows-i586-cygwin\jdk8u131\8869\hotspot\src\share\vm\runtime\sharedRuntime.cpp, line 605]

Events (10 events):
Event: 31.381 Executing VM operation: GenCollectForAllocation
Event: 31.381 Executing VM operation: GenCollectForAllocation done
Event: 32.340 Executing VM operation: GenCollectForAllocation
Event: 32.340 Executing VM operation: GenCollectForAllocation done
Event: 33.322 Executing VM operation: GenCollectForAllocation
Event: 33.322 Executing VM operation: GenCollectForAllocation done
Event: 40.571 Executing VM operation: GenCollectForAllocation
Event: 40.571 Executing VM operation: GenCollectForAllocation done
Event: 169.147 Executing VM operation: GenCollectForAllocation
Event: 169.147 Executing VM operation: GenCollectForAllocation done


Dynamic libraries:
0x00280000 - 0x002b3000 	C:\Program Files (x86)\Java\jre1.8.0_131\bin\javaw.exe
0x775d0000 - 0x77753000 	C:\WINDOWS\SYSTEM32\ntdll.dll
0x74940000 - 0x74a20000 	C:\WINDOWS\System32\KERNEL32.DLL
0x74470000 - 0x74611000 	C:\WINDOWS\System32\KERNELBASE.dll
0x6b330000 - 0x6b434000 	C:\Program Files\Bitdefender Antivirus Free\Active Virus Control\avc3_00140_034\avcuf32.dll
0x6cf10000 - 0x6cf9a000 	C:\Program Files\Bitdefender Antivirus Free\atcuf\262862120427605722\atcuf32.dll
0x74bd0000 - 0x74c47000 	C:\WINDOWS\System32\ADVAPI32.dll
0x76bd0000 - 0x76c8e000 	C:\WINDOWS\System32\msvcrt.dll
0x742c0000 - 0x74301000 	C:\WINDOWS\System32\sechost.dll
0x741f0000 - 0x742b1000 	C:\WINDOWS\System32\RPCRT4.dll
0x74090000 - 0x740ae000 	C:\WINDOWS\System32\SspiCli.dll
0x74080000 - 0x7408a000 	C:\WINDOWS\System32\CRYPTBASE.dll
0x76b70000 - 0x76bca000 	C:\WINDOWS\System32\bcryptPrimitives.dll
0x74310000 - 0x7446f000 	C:\WINDOWS\System32\USER32.dll
0x76d10000 - 0x76d25000 	C:\WINDOWS\System32\win32u.dll
0x740b0000 - 0x740db000 	C:\WINDOWS\System32\GDI32.dll
0x76a10000 - 0x76b6a000 	C:\WINDOWS\System32\gdi32full.dll
0x6cc90000 - 0x6ce9a000 	C:\WINDOWS\WinSxS\x86_microsoft.windows.common-controls_6595b64144ccf1df_6.0.14393.953_none_89c2555adb023171\COMCTL32.dll
0x76e20000 - 0x77031000 	C:\WINDOWS\System32\combase.dll
0x74c50000 - 0x74d30000 	C:\WINDOWS\System32\ucrtbase.dll
0x74720000 - 0x74745000 	C:\WINDOWS\System32\IMM32.DLL
0x00a10000 - 0x00acf000 	C:\Program Files (x86)\Java\jre1.8.0_131\bin\msvcr100.dll
0x684f0000 - 0x688be000 	C:\Program Files (x86)\Java\jre1.8.0_131\bin\client\jvm.dll
0x74710000 - 0x74716000 	C:\WINDOWS\System32\PSAPI.DLL
0x735e0000 - 0x735e8000 	C:\WINDOWS\SYSTEM32\WSOCK32.dll
0x74750000 - 0x747b3000 	C:\WINDOWS\System32\WS2_32.dll
0x735b0000 - 0x735d4000 	C:\WINDOWS\SYSTEM32\WINMM.dll
0x73ce0000 - 0x73ce8000 	C:\WINDOWS\SYSTEM32\VERSION.dll
0x73500000 - 0x73523000 	C:\WINDOWS\SYSTEM32\WINMMBASE.dll
0x74a20000 - 0x74a56000 	C:\WINDOWS\System32\cfgmgr32.dll
0x6cfe0000 - 0x6cfec000 	C:\Program Files (x86)\Java\jre1.8.0_131\bin\verify.dll
0x6c800000 - 0x6c821000 	C:\Program Files (x86)\Java\jre1.8.0_131\bin\java.dll
0x6c7b0000 - 0x6c7c3000 	C:\Program Files (x86)\Java\jre1.8.0_131\bin\zip.dll
0x75590000 - 0x76968000 	C:\WINDOWS\System32\SHELL32.dll
0x74f60000 - 0x754ce000 	C:\WINDOWS\System32\windows.storage.dll
0x77090000 - 0x770d5000 	C:\WINDOWS\System32\powrprof.dll
0x77040000 - 0x77086000 	C:\WINDOWS\System32\shlwapi.dll
0x754d0000 - 0x754dd000 	C:\WINDOWS\System32\kernel.appcore.dll
0x76d30000 - 0x76db8000 	C:\WINDOWS\System32\shcore.dll
0x77150000 - 0x7715f000 	C:\WINDOWS\System32\profapi.dll
0x69680000 - 0x69906000 	E:\Program Files (x86)\GitHub\EclipseWorkspace\ExampleBot\bwapi_bridge2_5.dll
0x6acc0000 - 0x6ad27000 	E:\Program Files (x86)\GitHub\EclipseWorkspace\ExampleBot\libgmp-10.dll
0x6f540000 - 0x6f59e000 	E:\Program Files (x86)\GitHub\EclipseWorkspace\ExampleBot\libmpfr-4.dll
0x159e0000 - 0x15a51000 	C:\Program Files (x86)\Java\jre1.8.0_131\bin\MSVCP120.dll
0x69a60000 - 0x69b4e000 	C:\Program Files (x86)\Java\jre1.8.0_131\bin\MSVCR120.dll
0x73780000 - 0x738c5000 	C:\WINDOWS\SYSTEM32\dbghelp.dll

VM Arguments:
jvm_args: -Dfile.encoding=Cp1252 
java_command: ExampleBot
java_class_path (initial): E:\Program Files (x86)\GitHub\EclipseWorkspace\ExampleBot\bin;E:\Program Files (x86)\GitHub\EclipseWorkspace\ExampleBot\lib\bwmirror_v2_5.jar
Launcher Type: SUN_STANDARD

Environment Variables:
USERNAME=Petean Mihai
OS=Windows_NT
PROCESSOR_IDENTIFIER=Intel64 Family 6 Model 94 Stepping 3, GenuineIntel



---------------  S Y S T E M  ---------------

OS: Windows 10.0 , 64 bit Build 14393 (10.0.14393.1198)

CPU:total 8 (initial active 8) (4 cores per cpu, 2 threads per core) family 6 model 94 stepping 3, cmov, cx8, fxsr, mmx, sse, sse2, sse3, ssse3, sse4.1, sse4.2, popcnt, avx, avx2, aes, clmul, erms, rtm, 3dnowpref, lzcnt, ht, tsc, tscinvbit, bmi1, bmi2, adx

Memory: 4k page, physical 8278804k(3019472k free), swap 13783828k(6122884k free)

vm_info: Java HotSpot(TM) Client VM (25.131-b11) for windows-x86 JRE (1.8.0_131-b11), built on Mar 15 2017 01:26:29 by "java_re" with MS VC++ 10.0 (VS2010)

time: Thu Jul 20 23:31:24 2017
elapsed time: 169 seconds (0d 0h 2m 49s)

