#
# A fatal error has been detected by the Java Runtime Environment:
#
#  EXCEPTION_ACCESS_VIOLATION (0xc0000005) at pc=0x6c7a6e8b, pid=12848, tid=0x00002cd4
#
# JRE version: Java(TM) SE Runtime Environment (8.0_144-b01) (build 1.8.0_144-b01)
# Java VM: Java HotSpot(TM) Client VM (25.144-b01 mixed mode windows-x86 )
# Problematic frame:
# V  [jvm.dll+0xd6e8b]
#
# Failed to write core dump. Minidumps are not enabled by default on client versions of Windows
#
# If you would like to submit a bug report, please visit:
#   http://bugreport.java.com/bugreport/crash.jsp
#

---------------  T H R E A D  ---------------

Current thread (0x0305d400):  JavaThread "main" [_thread_in_vm, id=11476, stack(0x015d0000,0x01620000)]

siginfo: ExceptionCode=0xc0000005, reading address 0x00000000

Registers:
EAX=0x00000000, EBX=0x0305d400, ECX=0x00000000, EDX=0x00000001
ESP=0x0161df7c, EBP=0x0161df98, ESI=0x0305d540, EDI=0x00000000
EIP=0x6c7a6e8b, EFLAGS=0x00010246

Top of Stack: (sp=0x0161df7c)
0x0161df7c:   00000000 0305d540 614a9aa4 0305d400
0x0161df8c:   00000000 0305d540 614a9aa4 0161dfe8
0x0161df9c:   612d8f4a 0305d540 00000000 03050079
0x0161dfac:   614a9aa4 0161dfe8 612d8f1c 00000001
0x0161dfbc:   0000000f ffff0049 0161dfe8 612d8ef8
0x0161dfcc:   0305d540 00000001 0000000f 0305d400
0x0161dfdc:   1544f770 1544f770 0305d540 0161e02c
0x0161dfec:   0306d3d3 0305d540 0161e04c 180b50ac 

Instructions: (pc=0x6c7a6e8b)
0x6c7a6e6b:   f3 ff 83 c4 08 83 7b 04 00 89 5d f0 c7 45 f4 00
0x6c7a6e7b:   00 00 00 74 08 8d 4d f0 e8 88 13 0d 00 8b 45 0c
0x6c7a6e8b:   8b 08 8b 51 04 8b 42 38 50 56 e8 e6 4f 08 00 83
0x6c7a6e9b:   c4 08 83 7d f4 00 89 45 08 74 08 8d 4d f0 e8 a2 


Register to memory mapping:

EAX=0x00000000 is an unknown value
EBX=0x0305d400 is a thread
ECX=0x00000000 is an unknown value
EDX=0x00000001 is an unknown value
ESP=0x0161df7c is pointing into the stack for thread: 0x0305d400
EBP=0x0161df98 is pointing into the stack for thread: 0x0305d400
ESI=0x0305d540 is an unknown value
EDI=0x00000000 is an unknown value


Stack: [0x015d0000,0x01620000],  sp=0x0161df7c,  free space=311k
Native frames: (J=compiled Java code, j=interpreted, Vv=VM code, C=native code)
V  [jvm.dll+0xd6e8b]
C  [bwapi_bridge2_5.dll+0x38f4a]
j  bwapi.Unit.build_native(JLbwapi/UnitType;Lbwapi/TilePosition;)Z+0
j  bwapi.Unit.build(Lbwapi/UnitType;Lbwapi/TilePosition;)Z+7
j  ExampleBot.buildClose(Lbwapi/UnitType;)V+57
J 62 C1 ExampleBot.onFrame()V (450 bytes) @ 0x0311c48c [0x0311be50+0x63c]
J 96 C1 bwapi.AIModule.onFrame()V (17 bytes) @ 0x031269c4 [0x03126990+0x34]
v  ~StubRoutines::call_stub
V  [jvm.dll+0x15af45]
V  [jvm.dll+0x2213ae]
V  [jvm.dll+0x15afde]
V  [jvm.dll+0xdcdcb]
V  [jvm.dll+0xdfd5c]
C  [bwapi_bridge2_5.dll+0x1b20d]
C  [bwapi_bridge2_5.dll+0x75101]
j  bwapi.Mirror.startGame()V+0
j  ExampleBot.run()V+15
j  ExampleBot.main([Ljava/lang/String;)V+7
v  ~StubRoutines::call_stub
V  [jvm.dll+0x15af45]
V  [jvm.dll+0x2213ae]
V  [jvm.dll+0x15afde]
V  [jvm.dll+0xdcb97]
V  [jvm.dll+0xe512f]
C  [javaw.exe+0x22ab]
C  [javaw.exe+0xaebf]
C  [javaw.exe+0xaf49]
C  [KERNEL32.DLL+0x162c4]
C  [ntdll.dll+0x60f79]
C  [ntdll.dll+0x60f44]
C  0x00000000

Java frames: (J=compiled Java code, j=interpreted, Vv=VM code)
j  bwapi.Unit.build_native(JLbwapi/UnitType;Lbwapi/TilePosition;)Z+0
j  bwapi.Unit.build(Lbwapi/UnitType;Lbwapi/TilePosition;)Z+7
j  ExampleBot.buildClose(Lbwapi/UnitType;)V+57
J 62 C1 ExampleBot.onFrame()V (450 bytes) @ 0x0311c48c [0x0311be50+0x63c]
J 96 C1 bwapi.AIModule.onFrame()V (17 bytes) @ 0x031269c4 [0x03126990+0x34]
v  ~StubRoutines::call_stub
j  bwapi.Mirror.startGame()V+0
j  ExampleBot.run()V+15
j  ExampleBot.main([Ljava/lang/String;)V+7
v  ~StubRoutines::call_stub

---------------  P R O C E S S  ---------------

Java Threads: ( => current thread )
  0x1568d000 JavaThread "Service Thread" daemon [_thread_blocked, id=16564, stack(0x15b50000,0x15ba0000)]
  0x15686000 JavaThread "C1 CompilerThread0" daemon [_thread_blocked, id=17144, stack(0x15ac0000,0x15b10000)]
  0x15685000 JavaThread "Attach Listener" daemon [_thread_blocked, id=11984, stack(0x15a30000,0x15a80000)]
  0x15690000 JavaThread "Signal Dispatcher" daemon [_thread_blocked, id=7536, stack(0x159a0000,0x159f0000)]
  0x1567a400 JavaThread "Finalizer" daemon [_thread_blocked, id=7516, stack(0x15860000,0x158b0000)]
  0x15665800 JavaThread "Reference Handler" daemon [_thread_blocked, id=19004, stack(0x05130000,0x05180000)]
=>0x0305d400 JavaThread "main" [_thread_in_vm, id=11476, stack(0x015d0000,0x01620000)]

Other Threads:
  0x02e9d800 VMThread [stack: 0x050a0000,0x050f0000] [id=13324]
  0x156bd800 WatcherThread [stack: 0x15be0000,0x15c30000] [id=12684]

VM state:not at safepoint (normal execution)

VM Mutex/Monitor currently owned by a thread: None

Heap:
 def new generation   total 4928K, used 4423K [0x05200000, 0x05750000, 0x0a750000)
  eden space 4416K, 100% used [0x05200000, 0x05650000, 0x05650000)
  from space 512K,   1% used [0x056d0000, 0x056d1de0, 0x05750000)
  to   space 512K,   0% used [0x05650000, 0x05650000, 0x056d0000)
 tenured generation   total 10944K, used 436K [0x0a750000, 0x0b200000, 0x15200000)
   the space 10944K,   3% used [0x0a750000, 0x0a7bd2f8, 0x0a7bd400, 0x0b200000)
 Metaspace       used 2068K, capacity 2600K, committed 2624K, reserved 4480K

Card table byte_map: [0x02f30000,0x02fc0000] byte_map_base: 0x02f07000

Polling page: 0x01640000

CodeCache: size=32768Kb used=816Kb max_used=816Kb free=31951Kb
 bounds [0x03060000, 0x03130000, 0x05060000]
 total_blobs=262 nmethods=117 adapters=76
 compilation: enabled

Compilation events (10 events):
Event: 9.369 Thread 0x15686000  108             ExampleBot::getBuildTile (432 bytes)
Event: 9.371 Thread 0x15686000 nmethod 108 0x03129108 code [0x031293c0, 0x03129d70]
Event: 9.371 Thread 0x15686000  109             bwapi.Unit::getTilePosition (9 bytes)
Event: 9.371 Thread 0x15686000 nmethod 109 0x0312ad08 code [0x0312ae00, 0x0312ae9c]
Event: 9.371 Thread 0x15686000  111             java.lang.Math::abs (11 bytes)
Event: 9.371 Thread 0x15686000 nmethod 111 0x0312af08 code [0x0312b000, 0x0312b080]
Event: 9.371 Thread 0x15686000  112             bwapi.TilePosition::getX (5 bytes)
Event: 9.371 Thread 0x15686000 nmethod 112 0x0312b0c8 code [0x0312b1c0, 0x0312b240]
Event: 15.547 Thread 0x15686000  116             ExampleBot::trainMarines (54 bytes)
Event: 15.547 Thread 0x15686000 nmethod 116 0x0312ba88 code [0x0312bbe0, 0x0312bd88]

GC Heap History (10 events):
Event: 20.196 GC heap before
{Heap before GC invocations=12 (full 0):
 def new generation   total 4928K, used 4420K [0x05200000, 0x05750000, 0x0a750000)
  eden space 4416K, 100% used [0x05200000, 0x05650000, 0x05650000)
  from space 512K,   0% used [0x05650000, 0x05651328, 0x056d0000)
  to   space 512K,   0% used [0x056d0000, 0x056d0000, 0x05750000)
 tenured generation   total 10944K, used 436K [0x0a750000, 0x0b200000, 0x15200000)
   the space 10944K,   3% used [0x0a750000, 0x0a7bd158, 0x0a7bd200, 0x0b200000)
 Metaspace       used 2067K, capacity 2600K, committed 2624K, reserved 4480K
Event: 20.197 GC heap after
Heap after GC invocations=13 (full 0):
 def new generation   total 4928K, used 5K [0x05200000, 0x05750000, 0x0a750000)
  eden space 4416K,   0% used [0x05200000, 0x05200000, 0x05650000)
  from space 512K,   0% used [0x056d0000, 0x056d1478, 0x05750000)
  to   space 512K,   0% used [0x05650000, 0x05650000, 0x056d0000)
 tenured generation   total 10944K, used 436K [0x0a750000, 0x0b200000, 0x15200000)
   the space 10944K,   3% used [0x0a750000, 0x0a7bd158, 0x0a7bd200, 0x0b200000)
 Metaspace       used 2067K, capacity 2600K, committed 2624K, reserved 4480K
}
Event: 21.042 GC heap before
{Heap before GC invocations=13 (full 0):
 def new generation   total 4928K, used 4421K [0x05200000, 0x05750000, 0x0a750000)
  eden space 4416K, 100% used [0x05200000, 0x05650000, 0x05650000)
  from space 512K,   0% used [0x056d0000, 0x056d1478, 0x05750000)
  to   space 512K,   0% used [0x05650000, 0x05650000, 0x056d0000)
 tenured generation   total 10944K, used 436K [0x0a750000, 0x0b200000, 0x15200000)
   the space 10944K,   3% used [0x0a750000, 0x0a7bd158, 0x0a7bd200, 0x0b200000)
 Metaspace       used 2068K, capacity 2600K, committed 2624K, reserved 4480K
Event: 21.042 GC heap after
Heap after GC invocations=14 (full 0):
 def new generation   total 4928K, used 6K [0x05200000, 0x05750000, 0x0a750000)
  eden space 4416K,   0% used [0x05200000, 0x05200000, 0x05650000)
  from space 512K,   1% used [0x05650000, 0x05651a10, 0x056d0000)
  to   space 512K,   0% used [0x056d0000, 0x056d0000, 0x05750000)
 tenured generation   total 10944K, used 436K [0x0a750000, 0x0b200000, 0x15200000)
   the space 10944K,   3% used [0x0a750000, 0x0a7bd158, 0x0a7bd200, 0x0b200000)
 Metaspace       used 2068K, capacity 2600K, committed 2624K, reserved 4480K
}
Event: 21.898 GC heap before
{Heap before GC invocations=14 (full 0):
 def new generation   total 4928K, used 4422K [0x05200000, 0x05750000, 0x0a750000)
  eden space 4416K, 100% used [0x05200000, 0x05650000, 0x05650000)
  from space 512K,   1% used [0x05650000, 0x05651a10, 0x056d0000)
  to   space 512K,   0% used [0x056d0000, 0x056d0000, 0x05750000)
 tenured generation   total 10944K, used 436K [0x0a750000, 0x0b200000, 0x15200000)
   the space 10944K,   3% used [0x0a750000, 0x0a7bd158, 0x0a7bd200, 0x0b200000)
 Metaspace       used 2068K, capacity 2600K, committed 2624K, reserved 4480K
Event: 21.899 GC heap after
Heap after GC invocations=15 (full 0):
 def new generation   total 4928K, used 7K [0x05200000, 0x05750000, 0x0a750000)
  eden space 4416K,   0% used [0x05200000, 0x05200000, 0x05650000)
  from space 512K,   1% used [0x056d0000, 0x056d1ca0, 0x05750000)
  to   space 512K,   0% used [0x05650000, 0x05650000, 0x056d0000)
 tenured generation   total 10944K, used 436K [0x0a750000, 0x0b200000, 0x15200000)
   the space 10944K,   3% used [0x0a750000, 0x0a7bd158, 0x0a7bd200, 0x0b200000)
 Metaspace       used 2068K, capacity 2600K, committed 2624K, reserved 4480K
}
Event: 22.725 GC heap before
{Heap before GC invocations=15 (full 0):
 def new generation   total 4928K, used 4423K [0x05200000, 0x05750000, 0x0a750000)
  eden space 4416K, 100% used [0x05200000, 0x05650000, 0x05650000)
  from space 512K,   1% used [0x056d0000, 0x056d1ca0, 0x05750000)
  to   space 512K,   0% used [0x05650000, 0x05650000, 0x056d0000)
 tenured generation   total 10944K, used 436K [0x0a750000, 0x0b200000, 0x15200000)
   the space 10944K,   3% used [0x0a750000, 0x0a7bd158, 0x0a7bd200, 0x0b200000)
 Metaspace       used 2068K, capacity 2600K, committed 2624K, reserved 4480K
Event: 22.725 GC heap after
Heap after GC invocations=16 (full 0):
 def new generation   total 4928K, used 7K [0x05200000, 0x05750000, 0x0a750000)
  eden space 4416K,   0% used [0x05200000, 0x05200000, 0x05650000)
  from space 512K,   1% used [0x05650000, 0x05651e70, 0x056d0000)
  to   space 512K,   0% used [0x056d0000, 0x056d0000, 0x05750000)
 tenured generation   total 10944K, used 436K [0x0a750000, 0x0b200000, 0x15200000)
   the space 10944K,   3% used [0x0a750000, 0x0a7bd158, 0x0a7bd200, 0x0b200000)
 Metaspace       used 2068K, capacity 2600K, committed 2624K, reserved 4480K
}
Event: 23.603 GC heap before
{Heap before GC invocations=16 (full 0):
 def new generation   total 4928K, used 4423K [0x05200000, 0x05750000, 0x0a750000)
  eden space 4416K, 100% used [0x05200000, 0x05650000, 0x05650000)
  from space 512K,   1% used [0x05650000, 0x05651e70, 0x056d0000)
  to   space 512K,   0% used [0x056d0000, 0x056d0000, 0x05750000)
 tenured generation   total 10944K, used 436K [0x0a750000, 0x0b200000, 0x15200000)
   the space 10944K,   3% used [0x0a750000, 0x0a7bd158, 0x0a7bd200, 0x0b200000)
 Metaspace       used 2068K, capacity 2600K, committed 2624K, reserved 4480K
Event: 23.603 GC heap after
Heap after GC invocations=17 (full 0):
 def new generation   total 4928K, used 7K [0x05200000, 0x05750000, 0x0a750000)
  eden space 4416K,   0% used [0x05200000, 0x05200000, 0x05650000)
  from space 512K,   1% used [0x056d0000, 0x056d1de0, 0x05750000)
  to   space 512K,   0% used [0x05650000, 0x05650000, 0x056d0000)
 tenured generation   total 10944K, used 436K [0x0a750000, 0x0b200000, 0x15200000)
   the space 10944K,   3% used [0x0a750000, 0x0a7bd2f8, 0x0a7bd400, 0x0b200000)
 Metaspace       used 2068K, capacity 2600K, committed 2624K, reserved 4480K
}

Deoptimization events (0 events):
No events

Internal exceptions (4 events):
Event: 0.071 Thread 0x0305d400 Exception <a 'java/lang/NoSuchMethodError': Method sun.misc.Unsafe.defineClass(Ljava/lang/String;[BII)Ljava/lang/Class; name or signature does not match> (0x05206e98) thrown at [C:\workspace\8-2-build-windows-i586-cygwin\jdk8u144\9417\hotspot\src\share\vm
Event: 0.071 Thread 0x0305d400 Exception <a 'java/lang/NoSuchMethodError': Method sun.misc.Unsafe.prefetchRead(Ljava/lang/Object;J)V name or signature does not match> (0x05207168) thrown at [C:\workspace\8-2-build-windows-i586-cygwin\jdk8u144\9417\hotspot\src\share\vm\prims\jni.cpp, li
Event: 11.976 Thread 0x0305d400 Implicit null exception at 0x0311eb52 to 0x0311f1cb
Event: 11.976 Thread 0x0305d400 Exception <a 'java/lang/NullPointerException'> (0x056036f8) thrown at [C:\workspace\8-2-build-windows-i586-cygwin\jdk8u144\9417\hotspot\src\share\vm\runtime\sharedRuntime.cpp, line 605]

Events (10 events):
Event: 20.196 Executing VM operation: GenCollectForAllocation
Event: 20.197 Executing VM operation: GenCollectForAllocation done
Event: 21.042 Executing VM operation: GenCollectForAllocation
Event: 21.042 Executing VM operation: GenCollectForAllocation done
Event: 21.898 Executing VM operation: GenCollectForAllocation
Event: 21.899 Executing VM operation: GenCollectForAllocation done
Event: 22.725 Executing VM operation: GenCollectForAllocation
Event: 22.725 Executing VM operation: GenCollectForAllocation done
Event: 23.603 Executing VM operation: GenCollectForAllocation
Event: 23.603 Executing VM operation: GenCollectForAllocation done


Dynamic libraries:
0x00280000 - 0x002b3000 	C:\Program Files (x86)\Java\jre1.8.0_144\bin\javaw.exe
0x77010000 - 0x77193000 	C:\WINDOWS\SYSTEM32\ntdll.dll
0x76300000 - 0x763e0000 	C:\WINDOWS\System32\KERNEL32.DLL
0x73c90000 - 0x73e31000 	C:\WINDOWS\System32\KERNELBASE.dll
0x76280000 - 0x762f7000 	C:\WINDOWS\System32\ADVAPI32.dll
0x76b70000 - 0x76c2e000 	C:\WINDOWS\System32\msvcrt.dll
0x76710000 - 0x76751000 	C:\WINDOWS\System32\sechost.dll
0x73b70000 - 0x73c31000 	C:\WINDOWS\System32\RPCRT4.dll
0x73ad0000 - 0x73aef000 	C:\WINDOWS\System32\SspiCli.dll
0x73ac0000 - 0x73aca000 	C:\WINDOWS\System32\CRYPTBASE.dll
0x76f60000 - 0x76fba000 	C:\WINDOWS\System32\bcryptPrimitives.dll
0x73fe0000 - 0x7413f000 	C:\WINDOWS\System32\USER32.dll
0x74820000 - 0x74835000 	C:\WINDOWS\System32\win32u.dll
0x747f0000 - 0x7481b000 	C:\WINDOWS\System32\GDI32.dll
0x74140000 - 0x7429a000 	C:\WINDOWS\System32\gdi32full.dll
0x6b730000 - 0x6b93a000 	C:\WINDOWS\WinSxS\x86_microsoft.windows.common-controls_6595b64144ccf1df_6.0.14393.953_none_89c2555adb023171\COMCTL32.dll
0x742f0000 - 0x74501000 	C:\WINDOWS\System32\combase.dll
0x76560000 - 0x76640000 	C:\WINDOWS\System32\ucrtbase.dll
0x76c40000 - 0x76c65000 	C:\WINDOWS\System32\IMM32.DLL
0x63fb0000 - 0x6406f000 	C:\Program Files (x86)\Java\jre1.8.0_144\bin\msvcr100.dll
0x6c6d0000 - 0x6ca9e000 	C:\Program Files (x86)\Java\jre1.8.0_144\bin\client\jvm.dll
0x742a0000 - 0x742a6000 	C:\WINDOWS\System32\PSAPI.DLL
0x737f0000 - 0x737f8000 	C:\WINDOWS\SYSTEM32\VERSION.dll
0x71630000 - 0x71654000 	C:\WINDOWS\SYSTEM32\WINMM.dll
0x6ae30000 - 0x6ae38000 	C:\WINDOWS\SYSTEM32\WSOCK32.dll
0x766a0000 - 0x76703000 	C:\WINDOWS\System32\WS2_32.dll
0x715e0000 - 0x71603000 	C:\WINDOWS\SYSTEM32\WINMMBASE.dll
0x742b0000 - 0x742e6000 	C:\WINDOWS\System32\cfgmgr32.dll
0x5db30000 - 0x5db3c000 	C:\Program Files (x86)\Java\jre1.8.0_144\bin\verify.dll
0x55320000 - 0x55341000 	C:\Program Files (x86)\Java\jre1.8.0_144\bin\java.dll
0x551b0000 - 0x551c3000 	C:\Program Files (x86)\Java\jre1.8.0_144\bin\zip.dll
0x74ea0000 - 0x76278000 	C:\WINDOWS\System32\SHELL32.dll
0x74840000 - 0x74dae000 	C:\WINDOWS\System32\windows.storage.dll
0x73c40000 - 0x73c85000 	C:\WINDOWS\System32\powrprof.dll
0x76dd0000 - 0x76e16000 	C:\WINDOWS\System32\shlwapi.dll
0x76550000 - 0x7655d000 	C:\WINDOWS\System32\kernel.appcore.dll
0x74510000 - 0x74598000 	C:\WINDOWS\System32\shcore.dll
0x76e20000 - 0x76e2f000 	C:\WINDOWS\System32\profapi.dll
0x612a0000 - 0x61526000 	E:\Program Files (x86)\GitHub\EclipseWorkspace\ExampleBot\bwapi_bridge2_5.dll
0x63ec0000 - 0x63fae000 	C:\Program Files (x86)\Java\jre1.8.0_144\bin\MSVCR120.dll
0x61b90000 - 0x61c01000 	C:\Program Files (x86)\Java\jre1.8.0_144\bin\MSVCP120.dll
0x6f540000 - 0x6f59e000 	E:\Program Files (x86)\GitHub\EclipseWorkspace\ExampleBot\libmpfr-4.dll
0x6acc0000 - 0x6ad27000 	E:\Program Files (x86)\GitHub\EclipseWorkspace\ExampleBot\libgmp-10.dll
0x735b0000 - 0x736f5000 	C:\WINDOWS\SYSTEM32\dbghelp.dll

VM Arguments:
jvm_args: -Dfile.encoding=Cp1252 
java_command: ExampleBot
java_class_path (initial): C:\Program Files (x86)\Java\jre1.8.0_144\lib\resources.jar;C:\Program Files (x86)\Java\jre1.8.0_144\lib\rt.jar;C:\Program Files (x86)\Java\jre1.8.0_144\lib\jsse.jar;C:\Program Files (x86)\Java\jre1.8.0_144\lib\jce.jar;C:\Program Files (x86)\Java\jre1.8.0_144\lib\charsets.jar;C:\Program Files (x86)\Java\jre1.8.0_144\lib\jfr.jar;C:\Program Files (x86)\Java\jre1.8.0_144\lib\ext\access-bridge-32.jar;C:\Program Files (x86)\Java\jre1.8.0_144\lib\ext\cldrdata.jar;C:\Program Files (x86)\Java\jre1.8.0_144\lib\ext\dnsns.jar;C:\Program Files (x86)\Java\jre1.8.0_144\lib\ext\jaccess.jar;C:\Program Files (x86)\Java\jre1.8.0_144\lib\ext\jfxrt.jar;C:\Program Files (x86)\Java\jre1.8.0_144\lib\ext\localedata.jar;C:\Program Files (x86)\Java\jre1.8.0_144\lib\ext\nashorn.jar;C:\Program Files (x86)\Java\jre1.8.0_144\lib\ext\sunec.jar;C:\Program Files (x86)\Java\jre1.8.0_144\lib\ext\sunjce_provider.jar;C:\Program Files (x86)\Java\jre1.8.0_144\lib\ext\sunmscapi.jar;C:\Program Files (x86)\Java\jre1.8.0_144\lib\ext\sunpkcs11.jar;C:\Program Files (x86)\Java\jre1.8.0_144\lib\ext\zipfs.jar;E:\Program Files (x86)\GitHub\EclipseWorkspace\ExampleBot\bin;E:\Program Files (x86)\GitHub\EclipseWorkspace\ExampleBot\lib\bwmirror_v2_5.jar
Launcher Type: SUN_STANDARD

Environment Variables:
USERNAME=Petean Mihai
OS=Windows_NT
PROCESSOR_IDENTIFIER=Intel64 Family 6 Model 94 Stepping 3, GenuineIntel



---------------  S Y S T E M  ---------------

OS: Windows 10.0 , 64 bit Build 14393 (10.0.14393.1198)

CPU:total 8 (initial active 8) (4 cores per cpu, 2 threads per core) family 6 model 94 stepping 3, cmov, cx8, fxsr, mmx, sse, sse2, sse3, ssse3, sse4.1, sse4.2, popcnt, avx, avx2, aes, clmul, erms, rtm, 3dnowpref, lzcnt, ht, tsc, tscinvbit, bmi1, bmi2, adx

Memory: 4k page, physical 8278804k(2617860k free), swap 15094948k(5373592k free)

vm_info: Java HotSpot(TM) Client VM (25.144-b01) for windows-x86 JRE (1.8.0_144-b01), built on Jul 21 2017 21:58:05 by "java_re" with MS VC++ 10.0 (VS2010)

time: Thu Oct 19 22:18:00 2017
elapsed time: 24 seconds (0d 0h 0m 24s)

