#
# A fatal error has been detected by the Java Runtime Environment:
#
#  EXCEPTION_ACCESS_VIOLATION (0xc0000005) at pc=0x64da6e8b, pid=13980, tid=0x000009ac
#
# JRE version: Java(TM) SE Runtime Environment (8.0_131-b11) (build 1.8.0_131-b11)
# Java VM: Java HotSpot(TM) Client VM (25.131-b11 mixed mode windows-x86 )
# Problematic frame:
# V  [jvm.dll+0xd6e8b]
#
# Failed to write core dump. Minidumps are not enabled by default on client versions of Windows
#
# If you would like to submit a bug report, please visit:
#   http://bugreport.java.com/bugreport/crash.jsp
#

---------------  T H R E A D  ---------------

Current thread (0x02e2cc00):  JavaThread "main" [_thread_in_vm, id=2476, stack(0x02d00000,0x02d50000)]

siginfo: ExceptionCode=0xc0000005, reading address 0x00000000

Registers:
EAX=0x00000000, EBX=0x02e2cc00, ECX=0x00000000, EDX=0x00000001
ESP=0x02d4dd5c, EBP=0x02d4dd78, ESI=0x02e2cd40, EDI=0x00000000
EIP=0x64da6e8b, EFLAGS=0x00010246

Top of Stack: (sp=0x02d4dd5c)
0x02d4dd5c:   00000000 02e2cd40 64af9c14 02e2cc00
0x02d4dd6c:   00000000 02e2cd40 64af9c14 02d4ddc8
0x02d4dd7c:   64928f4a 02e2cd40 00000000 02e20079
0x02d4dd8c:   64af9c14 02d4ddc8 64928f1c 00000001
0x02d4dd9c:   0000000f ffff0049 02d4ddc8 64928ef8
0x02d4ddac:   02e2cd40 00000001 0000000f 02e2cc00
0x02d4ddbc:   152a8b18 152a8b18 02e2cd40 02d4de0c
0x02d4ddcc:   02f3d3d3 02e2cd40 02d4de2c 18063250 

Instructions: (pc=0x64da6e8b)
0x64da6e6b:   f3 ff 83 c4 08 83 7b 04 00 89 5d f0 c7 45 f4 00
0x64da6e7b:   00 00 00 74 08 8d 4d f0 e8 88 13 0d 00 8b 45 0c
0x64da6e8b:   8b 08 8b 51 04 8b 42 38 50 56 e8 e6 4f 08 00 83
0x64da6e9b:   c4 08 83 7d f4 00 89 45 08 74 08 8d 4d f0 e8 a2 


Register to memory mapping:

EAX=0x00000000 is an unknown value
EBX=0x02e2cc00 is a thread
ECX=0x00000000 is an unknown value
EDX=0x00000001 is an unknown value
ESP=0x02d4dd5c is pointing into the stack for thread: 0x02e2cc00
EBP=0x02d4dd78 is pointing into the stack for thread: 0x02e2cc00
ESI=0x02e2cd40 is an unknown value
EDI=0x00000000 is an unknown value


Stack: [0x02d00000,0x02d50000],  sp=0x02d4dd5c,  free space=311k
Native frames: (J=compiled Java code, j=interpreted, Vv=VM code, C=native code)
V  [jvm.dll+0xd6e8b]
C  [bwapi_bridge2_5.dll+0x38f4a]
j  bwapi.Unit.build_native(JLbwapi/UnitType;Lbwapi/TilePosition;)Z+0
j  bwapi.Unit.build(Lbwapi/UnitType;Lbwapi/TilePosition;)Z+7
j  ExampleBot.buildClose(Lbwapi/UnitType;)V+57
J 56 C1 ExampleBot.onFrame()V (439 bytes) @ 0x02fe44cc [0x02fe3e90+0x63c]
J 92 C1 bwapi.AIModule.onFrame()V (17 bytes) @ 0x02fef104 [0x02fef0d0+0x34]
v  ~StubRoutines::call_stub
V  [jvm.dll+0x15af45]
V  [jvm.dll+0x2213ae]
V  [jvm.dll+0x15afde]
V  [jvm.dll+0xdcdcb]
V  [jvm.dll+0xdfd5c]
C  [bwapi_bridge2_5.dll+0x1b20d]
C  [bwapi_bridge2_5.dll+0x75101]
j  bwapi.Mirror.startGame()V+0
j  ExampleBot.run()V+15
j  ExampleBot.main([Ljava/lang/String;)V+7
v  ~StubRoutines::call_stub
V  [jvm.dll+0x15af45]
V  [jvm.dll+0x2213ae]
V  [jvm.dll+0x15afde]
V  [jvm.dll+0xdcb97]
V  [jvm.dll+0xe512f]
C  [javaw.exe+0x22ab]
C  [javaw.exe+0xaebf]
C  [javaw.exe+0xaf49]
C  [KERNEL32.DLL+0x162c4]
C  [ntdll.dll+0x60fd9]
C  [ntdll.dll+0x60fa4]
C  0x00000000

Java frames: (J=compiled Java code, j=interpreted, Vv=VM code)
j  bwapi.Unit.build_native(JLbwapi/UnitType;Lbwapi/TilePosition;)Z+0
j  bwapi.Unit.build(Lbwapi/UnitType;Lbwapi/TilePosition;)Z+7
j  ExampleBot.buildClose(Lbwapi/UnitType;)V+57
J 56 C1 ExampleBot.onFrame()V (439 bytes) @ 0x02fe44cc [0x02fe3e90+0x63c]
J 92 C1 bwapi.AIModule.onFrame()V (17 bytes) @ 0x02fef104 [0x02fef0d0+0x34]
v  ~StubRoutines::call_stub
j  bwapi.Mirror.startGame()V+0
j  ExampleBot.run()V+15
j  ExampleBot.main([Ljava/lang/String;)V+7
v  ~StubRoutines::call_stub

---------------  P R O C E S S  ---------------

Java Threads: ( => current thread )
  0x15557000 JavaThread "Service Thread" daemon [_thread_blocked, id=14852, stack(0x15b10000,0x15b60000)]
  0x15537c00 JavaThread "C1 CompilerThread0" daemon [_thread_blocked, id=8048, stack(0x15a80000,0x15ad0000)]
  0x15536c00 JavaThread "Attach Listener" daemon [_thread_blocked, id=10028, stack(0x159f0000,0x15a40000)]
  0x15535000 JavaThread "Signal Dispatcher" daemon [_thread_blocked, id=9420, stack(0x15960000,0x159b0000)]
  0x15529c00 JavaThread "Finalizer" daemon [_thread_blocked, id=15096, stack(0x157e0000,0x15830000)]
  0x15515000 JavaThread "Reference Handler" daemon [_thread_blocked, id=5968, stack(0x15750000,0x157a0000)]
=>0x02e2cc00 JavaThread "main" [_thread_in_vm, id=2476, stack(0x02d00000,0x02d50000)]

Other Threads:
  0x02f2d000 VMThread [stack: 0x154c0000,0x15510000] [id=10096]
  0x15565000 WatcherThread [stack: 0x15ba0000,0x15bf0000] [id=1540]

VM state:not at safepoint (normal execution)

VM Mutex/Monitor currently owned by a thread: None

Heap:
 def new generation   total 4928K, used 1770K [0x05000000, 0x05550000, 0x0a550000)
  eden space 4416K,  40% used [0x05000000, 0x051b9a48, 0x05450000)
  from space 512K,   0% used [0x05450000, 0x05451090, 0x054d0000)
  to   space 512K,   0% used [0x054d0000, 0x054d0000, 0x05550000)
 tenured generation   total 10944K, used 396K [0x0a550000, 0x0b000000, 0x15000000)
   the space 10944K,   3% used [0x0a550000, 0x0a5b3138, 0x0a5b3200, 0x0b000000)
 Metaspace       used 2060K, capacity 2594K, committed 2624K, reserved 4480K

Card table byte_map: [0x04f30000,0x04fc0000] byte_map_base: 0x04f08000

Polling page: 0x01540000

CodeCache: size=32768Kb used=793Kb max_used=793Kb free=31974Kb
 bounds [0x02f30000, 0x02ff8000, 0x04f30000]
 total_blobs=257 nmethods=112 adapters=76
 compilation: enabled

Compilation events (10 events):
Event: 8.846 Thread 0x15537c00  103             bwapi.Unit::getTilePosition (9 bytes)
Event: 8.846 Thread 0x15537c00 nmethod 103 0x02ff1708 code [0x02ff1800, 0x02ff189c]
Event: 8.846 Thread 0x15537c00  105             java.lang.Math::abs (11 bytes)
Event: 8.846 Thread 0x15537c00 nmethod 105 0x02ff1908 code [0x02ff1a00, 0x02ff1a80]
Event: 8.847 Thread 0x15537c00  106             bwapi.TilePosition::getX (5 bytes)
Event: 8.847 Thread 0x15537c00 nmethod 106 0x02ff1ac8 code [0x02ff1bc0, 0x02ff1c40]
Event: 9.131 Thread 0x15537c00  107             ExampleBot::getBuildTile (432 bytes)
Event: 9.133 Thread 0x15537c00 nmethod 107 0x02ff1c88 code [0x02ff1f40, 0x02ff28f0]
Event: 13.664 Thread 0x15537c00  111             sun.nio.cs.SingleByte$Encoder::encodeArrayLoop (236 bytes)
Event: 13.665 Thread 0x15537c00 nmethod 111 0x02ff4088 code [0x02ff43a0, 0x02ff4e9c]

GC Heap History (10 events):
Event: 8.765 GC heap before
{Heap before GC invocations=1 (full 0):
 def new generation   total 4928K, used 4925K [0x05000000, 0x05550000, 0x0a550000)
  eden space 4416K, 100% used [0x05000000, 0x05450000, 0x05450000)
  from space 512K,  99% used [0x054d0000, 0x0554f690, 0x05550000)
  to   space 512K,   0% used [0x05450000, 0x05450000, 0x054d0000)
 tenured generation   total 10944K, used 35K [0x0a550000, 0x0b000000, 0x15000000)
   the space 10944K,   0% used [0x0a550000, 0x0a558f60, 0x0a559000, 0x0b000000)
 Metaspace       used 2060K, capacity 2594K, committed 2624K, reserved 4480K
Event: 8.766 GC heap after
Heap after GC invocations=2 (full 0):
 def new generation   total 4928K, used 1K [0x05000000, 0x05550000, 0x0a550000)
  eden space 4416K,   0% used [0x05000000, 0x05000000, 0x05450000)
  from space 512K,   0% used [0x05450000, 0x054504a8, 0x054d0000)
  to   space 512K,   0% used [0x054d0000, 0x054d0000, 0x05550000)
 tenured generation   total 10944K, used 396K [0x0a550000, 0x0b000000, 0x15000000)
   the space 10944K,   3% used [0x0a550000, 0x0a5b3138, 0x0a5b3200, 0x0b000000)
 Metaspace       used 2060K, capacity 2594K, committed 2624K, reserved 4480K
}
Event: 9.825 GC heap before
{Heap before GC invocations=2 (full 0):
 def new generation   total 4928K, used 4417K [0x05000000, 0x05550000, 0x0a550000)
  eden space 4416K, 100% used [0x05000000, 0x05450000, 0x05450000)
  from space 512K,   0% used [0x05450000, 0x054504a8, 0x054d0000)
  to   space 512K,   0% used [0x054d0000, 0x054d0000, 0x05550000)
 tenured generation   total 10944K, used 396K [0x0a550000, 0x0b000000, 0x15000000)
   the space 10944K,   3% used [0x0a550000, 0x0a5b3138, 0x0a5b3200, 0x0b000000)
 Metaspace       used 2060K, capacity 2594K, committed 2624K, reserved 4480K
Event: 9.825 GC heap after
Heap after GC invocations=3 (full 0):
 def new generation   total 4928K, used 1K [0x05000000, 0x05550000, 0x0a550000)
  eden space 4416K,   0% used [0x05000000, 0x05000000, 0x05450000)
  from space 512K,   0% used [0x054d0000, 0x054d07f8, 0x05550000)
  to   space 512K,   0% used [0x05450000, 0x05450000, 0x054d0000)
 tenured generation   total 10944K, used 396K [0x0a550000, 0x0b000000, 0x15000000)
   the space 10944K,   3% used [0x0a550000, 0x0a5b3138, 0x0a5b3200, 0x0b000000)
 Metaspace       used 2060K, capacity 2594K, committed 2624K, reserved 4480K
}
Event: 10.746 GC heap before
{Heap before GC invocations=3 (full 0):
 def new generation   total 4928K, used 4417K [0x05000000, 0x05550000, 0x0a550000)
  eden space 4416K, 100% used [0x05000000, 0x05450000, 0x05450000)
  from space 512K,   0% used [0x054d0000, 0x054d07f8, 0x05550000)
  to   space 512K,   0% used [0x05450000, 0x05450000, 0x054d0000)
 tenured generation   total 10944K, used 396K [0x0a550000, 0x0b000000, 0x15000000)
   the space 10944K,   3% used [0x0a550000, 0x0a5b3138, 0x0a5b3200, 0x0b000000)
 Metaspace       used 2060K, capacity 2594K, committed 2624K, reserved 4480K
Event: 10.746 GC heap after
Heap after GC invocations=4 (full 0):
 def new generation   total 4928K, used 3K [0x05000000, 0x05550000, 0x0a550000)
  eden space 4416K,   0% used [0x05000000, 0x05000000, 0x05450000)
  from space 512K,   0% used [0x05450000, 0x05450cd0, 0x054d0000)
  to   space 512K,   0% used [0x054d0000, 0x054d0000, 0x05550000)
 tenured generation   total 10944K, used 396K [0x0a550000, 0x0b000000, 0x15000000)
   the space 10944K,   3% used [0x0a550000, 0x0a5b3138, 0x0a5b3200, 0x0b000000)
 Metaspace       used 2060K, capacity 2594K, committed 2624K, reserved 4480K
}
Event: 12.030 GC heap before
{Heap before GC invocations=4 (full 0):
 def new generation   total 4928K, used 4419K [0x05000000, 0x05550000, 0x0a550000)
  eden space 4416K, 100% used [0x05000000, 0x05450000, 0x05450000)
  from space 512K,   0% used [0x05450000, 0x05450cd0, 0x054d0000)
  to   space 512K,   0% used [0x054d0000, 0x054d0000, 0x05550000)
 tenured generation   total 10944K, used 396K [0x0a550000, 0x0b000000, 0x15000000)
   the space 10944K,   3% used [0x0a550000, 0x0a5b3138, 0x0a5b3200, 0x0b000000)
 Metaspace       used 2060K, capacity 2594K, committed 2624K, reserved 4480K
Event: 12.030 GC heap after
Heap after GC invocations=5 (full 0):
 def new generation   total 4928K, used 3K [0x05000000, 0x05550000, 0x0a550000)
  eden space 4416K,   0% used [0x05000000, 0x05000000, 0x05450000)
  from space 512K,   0% used [0x054d0000, 0x054d0e90, 0x05550000)
  to   space 512K,   0% used [0x05450000, 0x05450000, 0x054d0000)
 tenured generation   total 10944K, used 396K [0x0a550000, 0x0b000000, 0x15000000)
   the space 10944K,   3% used [0x0a550000, 0x0a5b3138, 0x0a5b3200, 0x0b000000)
 Metaspace       used 2060K, capacity 2594K, committed 2624K, reserved 4480K
}
Event: 13.644 GC heap before
{Heap before GC invocations=5 (full 0):
 def new generation   total 4928K, used 4419K [0x05000000, 0x05550000, 0x0a550000)
  eden space 4416K, 100% used [0x05000000, 0x05450000, 0x05450000)
  from space 512K,   0% used [0x054d0000, 0x054d0e90, 0x05550000)
  to   space 512K,   0% used [0x05450000, 0x05450000, 0x054d0000)
 tenured generation   total 10944K, used 396K [0x0a550000, 0x0b000000, 0x15000000)
   the space 10944K,   3% used [0x0a550000, 0x0a5b3138, 0x0a5b3200, 0x0b000000)
 Metaspace       used 2060K, capacity 2594K, committed 2624K, reserved 4480K
Event: 13.644 GC heap after
Heap after GC invocations=6 (full 0):
 def new generation   total 4928K, used 4K [0x05000000, 0x05550000, 0x0a550000)
  eden space 4416K,   0% used [0x05000000, 0x05000000, 0x05450000)
  from space 512K,   0% used [0x05450000, 0x05451090, 0x054d0000)
  to   space 512K,   0% used [0x054d0000, 0x054d0000, 0x05550000)
 tenured generation   total 10944K, used 396K [0x0a550000, 0x0b000000, 0x15000000)
   the space 10944K,   3% used [0x0a550000, 0x0a5b3138, 0x0a5b3200, 0x0b000000)
 Metaspace       used 2060K, capacity 2594K, committed 2624K, reserved 4480K
}

Deoptimization events (0 events):
No events

Internal exceptions (4 events):
Event: 0.027 Thread 0x02e2cc00 Exception <a 'java/lang/NoSuchMethodError': Method sun.misc.Unsafe.defineClass(Ljava/lang/String;[BII)Ljava/lang/Class; name or signature does not match> (0x05006e98) thrown at [C:\re\workspace\8-2-build-windows-i586-cygwin\jdk8u131\8869\hotspot\src\share
Event: 0.027 Thread 0x02e2cc00 Exception <a 'java/lang/NoSuchMethodError': Method sun.misc.Unsafe.prefetchRead(Ljava/lang/Object;J)V name or signature does not match> (0x05007168) thrown at [C:\re\workspace\8-2-build-windows-i586-cygwin\jdk8u131\8869\hotspot\src\share\vm\prims\jni.cpp,
Event: 8.603 Thread 0x02e2cc00 Implicit null exception at 0x02fe6b52 to 0x02fe71cb
Event: 8.603 Thread 0x02e2cc00 Exception <a 'java/lang/NullPointerException'> (0x053a0b80) thrown at [C:\re\workspace\8-2-build-windows-i586-cygwin\jdk8u131\8869\hotspot\src\share\vm\runtime\sharedRuntime.cpp, line 605]

Events (10 events):
Event: 8.765 Executing VM operation: GenCollectForAllocation
Event: 8.766 Executing VM operation: GenCollectForAllocation done
Event: 9.825 Executing VM operation: GenCollectForAllocation
Event: 9.825 Executing VM operation: GenCollectForAllocation done
Event: 10.745 Executing VM operation: GenCollectForAllocation
Event: 10.746 Executing VM operation: GenCollectForAllocation done
Event: 12.030 Executing VM operation: GenCollectForAllocation
Event: 12.030 Executing VM operation: GenCollectForAllocation done
Event: 13.644 Executing VM operation: GenCollectForAllocation
Event: 13.644 Executing VM operation: GenCollectForAllocation done


Dynamic libraries:
0x00e00000 - 0x00e33000 	C:\Program Files (x86)\Java\jre1.8.0_131\bin\javaw.exe
0x76fd0000 - 0x77153000 	C:\WINDOWS\SYSTEM32\ntdll.dll
0x73dd0000 - 0x73eb0000 	C:\WINDOWS\System32\KERNEL32.DLL
0x74000000 - 0x741a1000 	C:\WINDOWS\System32\KERNELBASE.dll
0x66170000 - 0x66274000 	C:\Program Files\Bitdefender Antivirus Free\Active Virus Control\avc3_00140_034\avcuf32.dll
0x74710000 - 0x74787000 	C:\WINDOWS\System32\ADVAPI32.dll
0x73b30000 - 0x73bee000 	C:\WINDOWS\System32\msvcrt.dll
0x741b0000 - 0x741f1000 	C:\WINDOWS\System32\sechost.dll
0x74790000 - 0x74851000 	C:\WINDOWS\System32\RPCRT4.dll
0x73a90000 - 0x73aae000 	C:\WINDOWS\System32\SspiCli.dll
0x73a80000 - 0x73a8a000 	C:\WINDOWS\System32\CRYPTBASE.dll
0x73fa0000 - 0x73ffa000 	C:\WINDOWS\System32\bcryptPrimitives.dll
0x74b70000 - 0x74ccf000 	C:\WINDOWS\System32\USER32.dll
0x74f90000 - 0x74fa5000 	C:\WINDOWS\System32\win32u.dll
0x755d0000 - 0x755fb000 	C:\WINDOWS\System32\GDI32.dll
0x74cd0000 - 0x74e2a000 	C:\WINDOWS\System32\gdi32full.dll
0x6e460000 - 0x6e66a000 	C:\WINDOWS\WinSxS\x86_microsoft.windows.common-controls_6595b64144ccf1df_6.0.14393.953_none_89c2555adb023171\COMCTL32.dll
0x76db0000 - 0x76fc1000 	C:\WINDOWS\System32\combase.dll
0x73c40000 - 0x73d20000 	C:\WINDOWS\System32\ucrtbase.dll
0x75920000 - 0x75945000 	C:\WINDOWS\System32\IMM32.DLL
0x660b0000 - 0x6616f000 	C:\Program Files (x86)\Java\jre1.8.0_131\bin\msvcr100.dll
0x64cd0000 - 0x6509e000 	C:\Program Files (x86)\Java\jre1.8.0_131\bin\client\jvm.dll
0x75600000 - 0x75606000 	C:\WINDOWS\System32\PSAPI.DLL
0x73080000 - 0x73088000 	C:\WINDOWS\SYSTEM32\WSOCK32.dll
0x73ab0000 - 0x73b13000 	C:\WINDOWS\System32\WS2_32.dll
0x72fd0000 - 0x72ff4000 	C:\WINDOWS\SYSTEM32\WINMM.dll
0x73860000 - 0x73868000 	C:\WINDOWS\SYSTEM32\VERSION.dll
0x72e40000 - 0x72e63000 	C:\WINDOWS\SYSTEM32\WINMMBASE.dll
0x75710000 - 0x75746000 	C:\WINDOWS\System32\cfgmgr32.dll
0x012f0000 - 0x012fc000 	C:\Program Files (x86)\Java\jre1.8.0_131\bin\verify.dll
0x01410000 - 0x01431000 	C:\Program Files (x86)\Java\jre1.8.0_131\bin\java.dll
0x02d50000 - 0x02d63000 	C:\Program Files (x86)\Java\jre1.8.0_131\bin\zip.dll
0x759d0000 - 0x76da8000 	C:\WINDOWS\System32\SHELL32.dll
0x75010000 - 0x7557e000 	C:\WINDOWS\System32\windows.storage.dll
0x75580000 - 0x755c5000 	C:\WINDOWS\System32\powrprof.dll
0x73bf0000 - 0x73c36000 	C:\WINDOWS\System32\shlwapi.dll
0x75610000 - 0x7561d000 	C:\WINDOWS\System32\kernel.appcore.dll
0x74eb0000 - 0x74f38000 	C:\WINDOWS\System32\shcore.dll
0x749e0000 - 0x749ef000 	C:\WINDOWS\System32\profapi.dll
0x648f0000 - 0x64b76000 	E:\Program Files (x86)\GitHub\EclipseWorkspace\ExampleBot\bwapi_bridge2_5.dll
0x6acc0000 - 0x6ad27000 	E:\Program Files (x86)\GitHub\EclipseWorkspace\ExampleBot\libgmp-10.dll
0x6f540000 - 0x6f59e000 	E:\Program Files (x86)\GitHub\EclipseWorkspace\ExampleBot\libmpfr-4.dll
0x66030000 - 0x660a1000 	C:\Program Files (x86)\Java\jre1.8.0_131\bin\MSVCP120.dll
0x65f40000 - 0x6602e000 	C:\Program Files (x86)\Java\jre1.8.0_131\bin\MSVCR120.dll
0x730e0000 - 0x73225000 	C:\WINDOWS\SYSTEM32\dbghelp.dll

VM Arguments:
jvm_args: -Dfile.encoding=Cp1252 
java_command: ExampleBot
java_class_path (initial): E:\Program Files (x86)\GitHub\EclipseWorkspace\ExampleBot\bin;E:\Program Files (x86)\GitHub\EclipseWorkspace\ExampleBot\lib\bwmirror_v2_5.jar
Launcher Type: SUN_STANDARD

Environment Variables:
USERNAME=Petean Mihai
OS=Windows_NT
PROCESSOR_IDENTIFIER=Intel64 Family 6 Model 94 Stepping 3, GenuineIntel



---------------  S Y S T E M  ---------------

OS: Windows 10.0 , 64 bit Build 14393 (10.0.14393.1198)

CPU:total 8 (initial active 8) (4 cores per cpu, 2 threads per core) family 6 model 94 stepping 3, cmov, cx8, fxsr, mmx, sse, sse2, sse3, ssse3, sse4.1, sse4.2, popcnt, avx, avx2, aes, clmul, erms, rtm, 3dnowpref, lzcnt, ht, tsc, tscinvbit, bmi1, bmi2, adx

Memory: 4k page, physical 8278804k(3655044k free), swap 17906948k(11511112k free)

vm_info: Java HotSpot(TM) Client VM (25.131-b11) for windows-x86 JRE (1.8.0_131-b11), built on Mar 15 2017 01:26:29 by "java_re" with MS VC++ 10.0 (VS2010)

time: Fri Jul 28 08:49:14 2017
elapsed time: 13 seconds (0d 0h 0m 13s)

